CRITICAL - 2025-05-31 10:24:35 --> ini_set(): session.sid_length INI setting is deprecated
#0 [internal function]: CodeIgniter\Debug\Exceptions->errorHandler()
#1 D:\xampp\htdocs\Job\system\Session\Handlers\FileHandler.php(320): ini_set()
#2 D:\xampp\htdocs\Job\system\Session\Handlers\FileHandler.php(84): CodeIgniter\Session\Handlers\FileHandler->configureSessionIDRegex()
#3 D:\xampp\htdocs\Job\system\Config\Services.php(570): CodeIgniter\Session\Handlers\FileHandler->__construct()
#4 D:\xampp\htdocs\Job\system\Config\BaseService.php(248): CodeIgniter\Config\Services::session()
#5 D:\xampp\htdocs\Job\system\Config\BaseService.php(189): CodeIgniter\Config\BaseService::__callStatic()
#6 D:\xampp\htdocs\Job\system\Config\Services.php(563): CodeIgniter\Config\BaseService::getSharedInstance()
#7 D:\xampp\htdocs\Job\system\Config\BaseService.php(248): CodeIgniter\Config\Services::session()
#8 D:\xampp\htdocs\Job\system\Common.php(901): CodeIgniter\Config\BaseService::__callStatic()
#9 D:\xampp\htdocs\Job\app\Controllers\Job.php(29): session()
#10 D:\xampp\htdocs\Job\system\CodeIgniter.php(825): App\Controllers\Job->index()
#11 D:\xampp\htdocs\Job\system\CodeIgniter.php(412): CodeIgniter\CodeIgniter->runController()
#12 D:\xampp\htdocs\Job\system\CodeIgniter.php(320): CodeIgniter\CodeIgniter->handleRequest()
#13 D:\xampp\htdocs\Job\public\index.php(37): CodeIgniter\CodeIgniter->run()
#14 D:\xampp\htdocs\Job\system\Commands\Server\rewrite.php(43): require_once('...')
#15 {main}
CRITICAL - 2025-05-31 10:24:36 --> ini_set(): session.sid_length INI setting is deprecated
#0 [internal function]: CodeIgniter\Debug\Exceptions->errorHandler()
#1 D:\xampp\htdocs\Job\system\Session\Handlers\FileHandler.php(320): ini_set()
#2 D:\xampp\htdocs\Job\system\Session\Handlers\FileHandler.php(84): CodeIgniter\Session\Handlers\FileHandler->configureSessionIDRegex()
#3 D:\xampp\htdocs\Job\system\Config\Services.php(570): CodeIgniter\Session\Handlers\FileHandler->__construct()
#4 D:\xampp\htdocs\Job\system\Config\BaseService.php(248): CodeIgniter\Config\Services::session()
#5 D:\xampp\htdocs\Job\system\Config\BaseService.php(189): CodeIgniter\Config\BaseService::__callStatic()
#6 D:\xampp\htdocs\Job\system\Config\Services.php(563): CodeIgniter\Config\BaseService::getSharedInstance()
#7 D:\xampp\htdocs\Job\system\Config\BaseService.php(248): CodeIgniter\Config\Services::session()
#8 D:\xampp\htdocs\Job\system\Common.php(901): CodeIgniter\Config\BaseService::__callStatic()
#9 D:\xampp\htdocs\Job\app\Controllers\Job.php(29): session()
#10 D:\xampp\htdocs\Job\system\CodeIgniter.php(825): App\Controllers\Job->index()
#11 D:\xampp\htdocs\Job\system\CodeIgniter.php(412): CodeIgniter\CodeIgniter->runController()
#12 D:\xampp\htdocs\Job\system\CodeIgniter.php(320): CodeIgniter\CodeIgniter->handleRequest()
#13 D:\xampp\htdocs\Job\public\index.php(37): CodeIgniter\CodeIgniter->run()
#14 D:\xampp\htdocs\Job\system\Commands\Server\rewrite.php(43): require_once('...')
#15 {main}
CRITICAL - 2025-05-31 10:26:58 --> ini_set(): session.sid_length INI setting is deprecated
#0 [internal function]: CodeIgniter\Debug\Exceptions->errorHandler()
#1 D:\xampp\htdocs\Job\system\Session\Handlers\FileHandler.php(320): ini_set()
#2 D:\xampp\htdocs\Job\system\Session\Handlers\FileHandler.php(84): CodeIgniter\Session\Handlers\FileHandler->configureSessionIDRegex()
#3 D:\xampp\htdocs\Job\system\Config\Services.php(570): CodeIgniter\Session\Handlers\FileHandler->__construct()
#4 D:\xampp\htdocs\Job\system\Config\BaseService.php(248): CodeIgniter\Config\Services::session()
#5 D:\xampp\htdocs\Job\system\Config\BaseService.php(189): CodeIgniter\Config\BaseService::__callStatic()
#6 D:\xampp\htdocs\Job\system\Config\Services.php(563): CodeIgniter\Config\BaseService::getSharedInstance()
#7 D:\xampp\htdocs\Job\system\Config\BaseService.php(248): CodeIgniter\Config\Services::session()
#8 D:\xampp\htdocs\Job\system\Common.php(901): CodeIgniter\Config\BaseService::__callStatic()
#9 D:\xampp\htdocs\Job\app\Controllers\Job.php(29): session()
#10 D:\xampp\htdocs\Job\system\CodeIgniter.php(825): App\Controllers\Job->index()
#11 D:\xampp\htdocs\Job\system\CodeIgniter.php(412): CodeIgniter\CodeIgniter->runController()
#12 D:\xampp\htdocs\Job\system\CodeIgniter.php(320): CodeIgniter\CodeIgniter->handleRequest()
#13 D:\xampp\htdocs\Job\public\index.php(37): CodeIgniter\CodeIgniter->run()
#14 D:\xampp\htdocs\Job\system\Commands\Server\rewrite.php(43): require_once('...')
#15 {main}
CRITICAL - 2025-05-31 10:27:00 --> ini_set(): session.sid_length INI setting is deprecated
#0 [internal function]: CodeIgniter\Debug\Exceptions->errorHandler()
#1 D:\xampp\htdocs\Job\system\Session\Handlers\FileHandler.php(320): ini_set()
#2 D:\xampp\htdocs\Job\system\Session\Handlers\FileHandler.php(84): CodeIgniter\Session\Handlers\FileHandler->configureSessionIDRegex()
#3 D:\xampp\htdocs\Job\system\Config\Services.php(570): CodeIgniter\Session\Handlers\FileHandler->__construct()
#4 D:\xampp\htdocs\Job\system\Config\BaseService.php(248): CodeIgniter\Config\Services::session()
#5 D:\xampp\htdocs\Job\system\Config\BaseService.php(189): CodeIgniter\Config\BaseService::__callStatic()
#6 D:\xampp\htdocs\Job\system\Config\Services.php(563): CodeIgniter\Config\BaseService::getSharedInstance()
#7 D:\xampp\htdocs\Job\system\Config\BaseService.php(248): CodeIgniter\Config\Services::session()
#8 D:\xampp\htdocs\Job\system\Common.php(901): CodeIgniter\Config\BaseService::__callStatic()
#9 D:\xampp\htdocs\Job\app\Controllers\Job.php(29): session()
#10 D:\xampp\htdocs\Job\system\CodeIgniter.php(825): App\Controllers\Job->index()
#11 D:\xampp\htdocs\Job\system\CodeIgniter.php(412): CodeIgniter\CodeIgniter->runController()
#12 D:\xampp\htdocs\Job\system\CodeIgniter.php(320): CodeIgniter\CodeIgniter->handleRequest()
#13 D:\xampp\htdocs\Job\public\index.php(37): CodeIgniter\CodeIgniter->run()
#14 D:\xampp\htdocs\Job\system\Commands\Server\rewrite.php(43): require_once('...')
#15 {main}
CRITICAL - 2025-05-31 10:56:22 --> syntax error, unexpected token "<", expecting end of file
#0 D:\xampp\htdocs\Job\system\View\View.php(213): CodeIgniter\View\View->{closure:CodeIgniter\View\View::render():207}()
#1 D:\xampp\htdocs\Job\system\Common.php(1089): CodeIgniter\View\View->render()
#2 D:\xampp\htdocs\Job\app\Controllers\Job.php(31): view()
#3 D:\xampp\htdocs\Job\system\CodeIgniter.php(825): App\Controllers\Job->index()
#4 D:\xampp\htdocs\Job\system\CodeIgniter.php(412): CodeIgniter\CodeIgniter->runController()
#5 D:\xampp\htdocs\Job\system\CodeIgniter.php(320): CodeIgniter\CodeIgniter->handleRequest()
#6 D:\xampp\htdocs\Job\public\index.php(37): CodeIgniter\CodeIgniter->run()
#7 D:\xampp\htdocs\Job\system\Commands\Server\rewrite.php(43): require_once('...')
#8 {main}
CRITICAL - 2025-05-31 10:57:37 --> syntax error, unexpected token "<", expecting end of file
#0 D:\xampp\htdocs\Job\system\View\View.php(213): CodeIgniter\View\View->{closure:CodeIgniter\View\View::render():207}()
#1 D:\xampp\htdocs\Job\system\Common.php(1089): CodeIgniter\View\View->render()
#2 D:\xampp\htdocs\Job\app\Controllers\Job.php(31): view()
#3 D:\xampp\htdocs\Job\system\CodeIgniter.php(825): App\Controllers\Job->index()
#4 D:\xampp\htdocs\Job\system\CodeIgniter.php(412): CodeIgniter\CodeIgniter->runController()
#5 D:\xampp\htdocs\Job\system\CodeIgniter.php(320): CodeIgniter\CodeIgniter->handleRequest()
#6 D:\xampp\htdocs\Job\public\index.php(37): CodeIgniter\CodeIgniter->run()
#7 D:\xampp\htdocs\Job\system\Commands\Server\rewrite.php(43): require_once('...')
#8 {main}
CRITICAL - 2025-05-31 10:57:38 --> syntax error, unexpected token "<", expecting end of file
#0 D:\xampp\htdocs\Job\system\View\View.php(213): CodeIgniter\View\View->{closure:CodeIgniter\View\View::render():207}()
#1 D:\xampp\htdocs\Job\system\Common.php(1089): CodeIgniter\View\View->render()
#2 D:\xampp\htdocs\Job\app\Controllers\Job.php(31): view()
#3 D:\xampp\htdocs\Job\system\CodeIgniter.php(825): App\Controllers\Job->index()
#4 D:\xampp\htdocs\Job\system\CodeIgniter.php(412): CodeIgniter\CodeIgniter->runController()
#5 D:\xampp\htdocs\Job\system\CodeIgniter.php(320): CodeIgniter\CodeIgniter->handleRequest()
#6 D:\xampp\htdocs\Job\public\index.php(37): CodeIgniter\CodeIgniter->run()
#7 D:\xampp\htdocs\Job\system\Commands\Server\rewrite.php(43): require_once('...')
#8 {main}
CRITICAL - 2025-05-31 19:48:05 --> Undefined property: CodeIgniter\View\View::$request
#0 D:\xampp\htdocs\Job\app\Views\Job\JobView.php(15): CodeIgniter\Debug\Exceptions->errorHandler()
#1 D:\xampp\htdocs\Job\system\View\View.php(210): include('...')
#2 D:\xampp\htdocs\Job\system\View\View.php(213): CodeIgniter\View\View->{closure:CodeIgniter\View\View::render():207}()
#3 D:\xampp\htdocs\Job\system\Common.php(1089): CodeIgniter\View\View->render()
#4 D:\xampp\htdocs\Job\app\Controllers\Job.php(31): view()
#5 D:\xampp\htdocs\Job\system\CodeIgniter.php(825): App\Controllers\Job->index()
#6 D:\xampp\htdocs\Job\system\CodeIgniter.php(412): CodeIgniter\CodeIgniter->runController()
#7 D:\xampp\htdocs\Job\system\CodeIgniter.php(320): CodeIgniter\CodeIgniter->handleRequest()
#8 D:\xampp\htdocs\Job\public\index.php(37): CodeIgniter\CodeIgniter->run()
#9 D:\xampp\htdocs\Job\system\Commands\Server\rewrite.php(43): require_once('...')
#10 {main}
CRITICAL - 2025-05-31 19:50:18 --> Undefined variable $title
#0 D:\xampp\htdocs\Job\app\Views\LayoutHome\LayoutHomeView.php(13): CodeIgniter\Debug\Exceptions->errorHandler()
#1 D:\xampp\htdocs\Job\system\View\View.php(210): include('...')
#2 D:\xampp\htdocs\Job\system\View\View.php(213): CodeIgniter\View\View->{closure:CodeIgniter\View\View::render():207}()
#3 D:\xampp\htdocs\Job\system\View\View.php(226): CodeIgniter\View\View->render()
#4 D:\xampp\htdocs\Job\system\Common.php(1089): CodeIgniter\View\View->render()
#5 D:\xampp\htdocs\Job\app\Controllers\Job.php(32): view()
#6 D:\xampp\htdocs\Job\system\CodeIgniter.php(825): App\Controllers\Job->index()
#7 D:\xampp\htdocs\Job\system\CodeIgniter.php(412): CodeIgniter\CodeIgniter->runController()
#8 D:\xampp\htdocs\Job\system\CodeIgniter.php(320): CodeIgniter\CodeIgniter->handleRequest()
#9 D:\xampp\htdocs\Job\public\index.php(37): CodeIgniter\CodeIgniter->run()
#10 D:\xampp\htdocs\Job\system\Commands\Server\rewrite.php(43): require_once('...')
#11 {main}
CRITICAL - 2025-05-31 19:53:01 --> Undefined variable $title
#0 D:\xampp\htdocs\Job\app\Views\LayoutHome\LayoutHomeView.php(13): CodeIgniter\Debug\Exceptions->errorHandler()
#1 D:\xampp\htdocs\Job\system\View\View.php(210): include('...')
#2 D:\xampp\htdocs\Job\system\View\View.php(213): CodeIgniter\View\View->{closure:CodeIgniter\View\View::render():207}()
#3 D:\xampp\htdocs\Job\system\View\View.php(226): CodeIgniter\View\View->render()
#4 D:\xampp\htdocs\Job\system\Common.php(1089): CodeIgniter\View\View->render()
#5 D:\xampp\htdocs\Job\app\Controllers\Job.php(32): view()
#6 D:\xampp\htdocs\Job\system\CodeIgniter.php(825): App\Controllers\Job->index()
#7 D:\xampp\htdocs\Job\system\CodeIgniter.php(412): CodeIgniter\CodeIgniter->runController()
#8 D:\xampp\htdocs\Job\system\CodeIgniter.php(320): CodeIgniter\CodeIgniter->handleRequest()
#9 D:\xampp\htdocs\Job\public\index.php(37): CodeIgniter\CodeIgniter->run()
#10 D:\xampp\htdocs\Job\system\Commands\Server\rewrite.php(43): require_once('...')
#11 {main}
CRITICAL - 2025-05-31 19:53:04 --> Undefined variable $title
#0 D:\xampp\htdocs\Job\app\Views\LayoutHome\LayoutHomeView.php(13): CodeIgniter\Debug\Exceptions->errorHandler()
#1 D:\xampp\htdocs\Job\system\View\View.php(210): include('...')
#2 D:\xampp\htdocs\Job\system\View\View.php(213): CodeIgniter\View\View->{closure:CodeIgniter\View\View::render():207}()
#3 D:\xampp\htdocs\Job\system\View\View.php(226): CodeIgniter\View\View->render()
#4 D:\xampp\htdocs\Job\system\Common.php(1089): CodeIgniter\View\View->render()
#5 D:\xampp\htdocs\Job\app\Controllers\Job.php(32): view()
#6 D:\xampp\htdocs\Job\system\CodeIgniter.php(825): App\Controllers\Job->index()
#7 D:\xampp\htdocs\Job\system\CodeIgniter.php(412): CodeIgniter\CodeIgniter->runController()
#8 D:\xampp\htdocs\Job\system\CodeIgniter.php(320): CodeIgniter\CodeIgniter->handleRequest()
#9 D:\xampp\htdocs\Job\public\index.php(37): CodeIgniter\CodeIgniter->run()
#10 D:\xampp\htdocs\Job\system\Commands\Server\rewrite.php(43): require_once('...')
#11 {main}
CRITICAL - 2025-05-31 19:53:04 --> Undefined variable $title
#0 D:\xampp\htdocs\Job\app\Views\LayoutHome\LayoutHomeView.php(13): CodeIgniter\Debug\Exceptions->errorHandler()
#1 D:\xampp\htdocs\Job\system\View\View.php(210): include('...')
#2 D:\xampp\htdocs\Job\system\View\View.php(213): CodeIgniter\View\View->{closure:CodeIgniter\View\View::render():207}()
#3 D:\xampp\htdocs\Job\system\View\View.php(226): CodeIgniter\View\View->render()
#4 D:\xampp\htdocs\Job\system\Common.php(1089): CodeIgniter\View\View->render()
#5 D:\xampp\htdocs\Job\app\Controllers\Job.php(32): view()
#6 D:\xampp\htdocs\Job\system\CodeIgniter.php(825): App\Controllers\Job->index()
#7 D:\xampp\htdocs\Job\system\CodeIgniter.php(412): CodeIgniter\CodeIgniter->runController()
#8 D:\xampp\htdocs\Job\system\CodeIgniter.php(320): CodeIgniter\CodeIgniter->handleRequest()
#9 D:\xampp\htdocs\Job\public\index.php(37): CodeIgniter\CodeIgniter->run()
#10 D:\xampp\htdocs\Job\system\Commands\Server\rewrite.php(43): require_once('...')
#11 {main}
CRITICAL - 2025-05-31 19:53:05 --> Undefined variable $title
#0 D:\xampp\htdocs\Job\app\Views\LayoutHome\LayoutHomeView.php(13): CodeIgniter\Debug\Exceptions->errorHandler()
#1 D:\xampp\htdocs\Job\system\View\View.php(210): include('...')
#2 D:\xampp\htdocs\Job\system\View\View.php(213): CodeIgniter\View\View->{closure:CodeIgniter\View\View::render():207}()
#3 D:\xampp\htdocs\Job\system\View\View.php(226): CodeIgniter\View\View->render()
#4 D:\xampp\htdocs\Job\system\Common.php(1089): CodeIgniter\View\View->render()
#5 D:\xampp\htdocs\Job\app\Controllers\Job.php(32): view()
#6 D:\xampp\htdocs\Job\system\CodeIgniter.php(825): App\Controllers\Job->index()
#7 D:\xampp\htdocs\Job\system\CodeIgniter.php(412): CodeIgniter\CodeIgniter->runController()
#8 D:\xampp\htdocs\Job\system\CodeIgniter.php(320): CodeIgniter\CodeIgniter->handleRequest()
#9 D:\xampp\htdocs\Job\public\index.php(37): CodeIgniter\CodeIgniter->run()
#10 D:\xampp\htdocs\Job\system\Commands\Server\rewrite.php(43): require_once('...')
#11 {main}
CRITICAL - 2025-05-31 19:53:05 --> Undefined variable $title
#0 D:\xampp\htdocs\Job\app\Views\LayoutHome\LayoutHomeView.php(13): CodeIgniter\Debug\Exceptions->errorHandler()
#1 D:\xampp\htdocs\Job\system\View\View.php(210): include('...')
#2 D:\xampp\htdocs\Job\system\View\View.php(213): CodeIgniter\View\View->{closure:CodeIgniter\View\View::render():207}()
#3 D:\xampp\htdocs\Job\system\View\View.php(226): CodeIgniter\View\View->render()
#4 D:\xampp\htdocs\Job\system\Common.php(1089): CodeIgniter\View\View->render()
#5 D:\xampp\htdocs\Job\app\Controllers\Job.php(32): view()
#6 D:\xampp\htdocs\Job\system\CodeIgniter.php(825): App\Controllers\Job->index()
#7 D:\xampp\htdocs\Job\system\CodeIgniter.php(412): CodeIgniter\CodeIgniter->runController()
#8 D:\xampp\htdocs\Job\system\CodeIgniter.php(320): CodeIgniter\CodeIgniter->handleRequest()
#9 D:\xampp\htdocs\Job\public\index.php(37): CodeIgniter\CodeIgniter->run()
#10 D:\xampp\htdocs\Job\system\Commands\Server\rewrite.php(43): require_once('...')
#11 {main}
CRITICAL - 2025-05-31 19:53:05 --> Undefined variable $title
#0 D:\xampp\htdocs\Job\app\Views\LayoutHome\LayoutHomeView.php(13): CodeIgniter\Debug\Exceptions->errorHandler()
#1 D:\xampp\htdocs\Job\system\View\View.php(210): include('...')
#2 D:\xampp\htdocs\Job\system\View\View.php(213): CodeIgniter\View\View->{closure:CodeIgniter\View\View::render():207}()
#3 D:\xampp\htdocs\Job\system\View\View.php(226): CodeIgniter\View\View->render()
#4 D:\xampp\htdocs\Job\system\Common.php(1089): CodeIgniter\View\View->render()
#5 D:\xampp\htdocs\Job\app\Controllers\Job.php(32): view()
#6 D:\xampp\htdocs\Job\system\CodeIgniter.php(825): App\Controllers\Job->index()
#7 D:\xampp\htdocs\Job\system\CodeIgniter.php(412): CodeIgniter\CodeIgniter->runController()
#8 D:\xampp\htdocs\Job\system\CodeIgniter.php(320): CodeIgniter\CodeIgniter->handleRequest()
#9 D:\xampp\htdocs\Job\public\index.php(37): CodeIgniter\CodeIgniter->run()
#10 D:\xampp\htdocs\Job\system\Commands\Server\rewrite.php(43): require_once('...')
#11 {main}
