CRITICAL - 2025-06-30 21:57:48 --> Trying to access array offset on null
#0 D:\xampp\htdocs\Job\app\Views\LayoutHome\Navbar\NavbarViewPartial.php(113): CodeIgniter\Debug\Exceptions->errorHandler()
#1 D:\xampp\htdocs\Job\system\View\View.php(210): include('...')
#2 D:\xampp\htdocs\Job\system\View\View.php(213): CodeIgniter\View\View->{closure:CodeIgniter\View\View::render():207}()
#3 D:\xampp\htdocs\Job\system\View\View.php(424): CodeIgniter\View\View->render()
#4 D:\xampp\htdocs\Job\app\Views\LayoutHome\LayoutHomeView.php(20): CodeIgniter\View\View->include()
#5 D:\xampp\htdocs\Job\system\View\View.php(210): include('...')
#6 D:\xampp\htdocs\Job\system\View\View.php(213): CodeIgniter\View\View->{closure:CodeIgniter\View\View::render():207}()
#7 D:\xampp\htdocs\Job\system\View\View.php(226): CodeIgniter\View\View->render()
#8 D:\xampp\htdocs\Job\system\Common.php(1089): CodeIgniter\View\View->render()
#9 D:\xampp\htdocs\Job\app\Controllers\Home.php(9): view()
#10 D:\xampp\htdocs\Job\system\CodeIgniter.php(825): App\Controllers\Home->index()
#11 D:\xampp\htdocs\Job\system\CodeIgniter.php(412): CodeIgniter\CodeIgniter->runController()
#12 D:\xampp\htdocs\Job\system\CodeIgniter.php(320): CodeIgniter\CodeIgniter->handleRequest()
#13 D:\xampp\htdocs\Job\public\index.php(37): CodeIgniter\CodeIgniter->run()
#14 D:\xampp\htdocs\Job\system\Commands\Server\rewrite.php(43): require_once('...')
#15 {main}
CRITICAL - 2025-06-30 21:58:56 --> Trying to access array offset on null
#0 D:\xampp\htdocs\Job\app\Views\LayoutHome\Navbar\NavbarViewPartial.php(113): CodeIgniter\Debug\Exceptions->errorHandler()
#1 D:\xampp\htdocs\Job\system\View\View.php(210): include('...')
#2 D:\xampp\htdocs\Job\system\View\View.php(213): CodeIgniter\View\View->{closure:CodeIgniter\View\View::render():207}()
#3 D:\xampp\htdocs\Job\system\View\View.php(424): CodeIgniter\View\View->render()
#4 D:\xampp\htdocs\Job\app\Views\LayoutHome\LayoutHomeView.php(20): CodeIgniter\View\View->include()
#5 D:\xampp\htdocs\Job\system\View\View.php(210): include('...')
#6 D:\xampp\htdocs\Job\system\View\View.php(213): CodeIgniter\View\View->{closure:CodeIgniter\View\View::render():207}()
#7 D:\xampp\htdocs\Job\system\View\View.php(226): CodeIgniter\View\View->render()
#8 D:\xampp\htdocs\Job\system\Common.php(1089): CodeIgniter\View\View->render()
#9 D:\xampp\htdocs\Job\app\Controllers\Home.php(9): view()
#10 D:\xampp\htdocs\Job\system\CodeIgniter.php(825): App\Controllers\Home->index()
#11 D:\xampp\htdocs\Job\system\CodeIgniter.php(412): CodeIgniter\CodeIgniter->runController()
#12 D:\xampp\htdocs\Job\system\CodeIgniter.php(320): CodeIgniter\CodeIgniter->handleRequest()
#13 D:\xampp\htdocs\Job\public\index.php(37): CodeIgniter\CodeIgniter->run()
#14 D:\xampp\htdocs\Job\system\Commands\Server\rewrite.php(43): require_once('...')
#15 {main}
CRITICAL - 2025-06-30 21:58:57 --> Trying to access array offset on null
#0 D:\xampp\htdocs\Job\app\Views\LayoutHome\Navbar\NavbarViewPartial.php(113): CodeIgniter\Debug\Exceptions->errorHandler()
#1 D:\xampp\htdocs\Job\system\View\View.php(210): include('...')
#2 D:\xampp\htdocs\Job\system\View\View.php(213): CodeIgniter\View\View->{closure:CodeIgniter\View\View::render():207}()
#3 D:\xampp\htdocs\Job\system\View\View.php(424): CodeIgniter\View\View->render()
#4 D:\xampp\htdocs\Job\app\Views\LayoutHome\LayoutHomeView.php(20): CodeIgniter\View\View->include()
#5 D:\xampp\htdocs\Job\system\View\View.php(210): include('...')
#6 D:\xampp\htdocs\Job\system\View\View.php(213): CodeIgniter\View\View->{closure:CodeIgniter\View\View::render():207}()
#7 D:\xampp\htdocs\Job\system\View\View.php(226): CodeIgniter\View\View->render()
#8 D:\xampp\htdocs\Job\system\Common.php(1089): CodeIgniter\View\View->render()
#9 D:\xampp\htdocs\Job\app\Controllers\Home.php(9): view()
#10 D:\xampp\htdocs\Job\system\CodeIgniter.php(825): App\Controllers\Home->index()
#11 D:\xampp\htdocs\Job\system\CodeIgniter.php(412): CodeIgniter\CodeIgniter->runController()
#12 D:\xampp\htdocs\Job\system\CodeIgniter.php(320): CodeIgniter\CodeIgniter->handleRequest()
#13 D:\xampp\htdocs\Job\public\index.php(37): CodeIgniter\CodeIgniter->run()
#14 D:\xampp\htdocs\Job\system\Commands\Server\rewrite.php(43): require_once('...')
#15 {main}
CRITICAL - 2025-06-30 21:58:59 --> Trying to access array offset on null
#0 D:\xampp\htdocs\Job\app\Views\LayoutHome\Navbar\NavbarViewPartial.php(113): CodeIgniter\Debug\Exceptions->errorHandler()
#1 D:\xampp\htdocs\Job\system\View\View.php(210): include('...')
#2 D:\xampp\htdocs\Job\system\View\View.php(213): CodeIgniter\View\View->{closure:CodeIgniter\View\View::render():207}()
#3 D:\xampp\htdocs\Job\system\View\View.php(424): CodeIgniter\View\View->render()
#4 D:\xampp\htdocs\Job\app\Views\LayoutHome\LayoutHomeView.php(20): CodeIgniter\View\View->include()
#5 D:\xampp\htdocs\Job\system\View\View.php(210): include('...')
#6 D:\xampp\htdocs\Job\system\View\View.php(213): CodeIgniter\View\View->{closure:CodeIgniter\View\View::render():207}()
#7 D:\xampp\htdocs\Job\system\View\View.php(226): CodeIgniter\View\View->render()
#8 D:\xampp\htdocs\Job\system\Common.php(1089): CodeIgniter\View\View->render()
#9 D:\xampp\htdocs\Job\app\Controllers\Job.php(42): view()
#10 D:\xampp\htdocs\Job\system\CodeIgniter.php(825): App\Controllers\Job->index()
#11 D:\xampp\htdocs\Job\system\CodeIgniter.php(412): CodeIgniter\CodeIgniter->runController()
#12 D:\xampp\htdocs\Job\system\CodeIgniter.php(320): CodeIgniter\CodeIgniter->handleRequest()
#13 D:\xampp\htdocs\Job\public\index.php(37): CodeIgniter\CodeIgniter->run()
#14 D:\xampp\htdocs\Job\system\Commands\Server\rewrite.php(43): require_once('...')
#15 {main}
CRITICAL - 2025-06-30 21:59:00 --> Trying to access array offset on null
#0 D:\xampp\htdocs\Job\app\Views\LayoutHome\Navbar\NavbarViewPartial.php(113): CodeIgniter\Debug\Exceptions->errorHandler()
#1 D:\xampp\htdocs\Job\system\View\View.php(210): include('...')
#2 D:\xampp\htdocs\Job\system\View\View.php(213): CodeIgniter\View\View->{closure:CodeIgniter\View\View::render():207}()
#3 D:\xampp\htdocs\Job\system\View\View.php(424): CodeIgniter\View\View->render()
#4 D:\xampp\htdocs\Job\app\Views\LayoutHome\LayoutHomeView.php(20): CodeIgniter\View\View->include()
#5 D:\xampp\htdocs\Job\system\View\View.php(210): include('...')
#6 D:\xampp\htdocs\Job\system\View\View.php(213): CodeIgniter\View\View->{closure:CodeIgniter\View\View::render():207}()
#7 D:\xampp\htdocs\Job\system\View\View.php(226): CodeIgniter\View\View->render()
#8 D:\xampp\htdocs\Job\system\Common.php(1089): CodeIgniter\View\View->render()
#9 D:\xampp\htdocs\Job\app\Controllers\Job.php(42): view()
#10 D:\xampp\htdocs\Job\system\CodeIgniter.php(825): App\Controllers\Job->index()
#11 D:\xampp\htdocs\Job\system\CodeIgniter.php(412): CodeIgniter\CodeIgniter->runController()
#12 D:\xampp\htdocs\Job\system\CodeIgniter.php(320): CodeIgniter\CodeIgniter->handleRequest()
#13 D:\xampp\htdocs\Job\public\index.php(37): CodeIgniter\CodeIgniter->run()
#14 D:\xampp\htdocs\Job\system\Commands\Server\rewrite.php(43): require_once('...')
#15 {main}
CRITICAL - 2025-06-30 21:59:01 --> Trying to access array offset on null
#0 D:\xampp\htdocs\Job\app\Views\LayoutHome\Navbar\NavbarViewPartial.php(113): CodeIgniter\Debug\Exceptions->errorHandler()
#1 D:\xampp\htdocs\Job\system\View\View.php(210): include('...')
#2 D:\xampp\htdocs\Job\system\View\View.php(213): CodeIgniter\View\View->{closure:CodeIgniter\View\View::render():207}()
#3 D:\xampp\htdocs\Job\system\View\View.php(424): CodeIgniter\View\View->render()
#4 D:\xampp\htdocs\Job\app\Views\LayoutHome\LayoutHomeView.php(20): CodeIgniter\View\View->include()
#5 D:\xampp\htdocs\Job\system\View\View.php(210): include('...')
#6 D:\xampp\htdocs\Job\system\View\View.php(213): CodeIgniter\View\View->{closure:CodeIgniter\View\View::render():207}()
#7 D:\xampp\htdocs\Job\system\View\View.php(226): CodeIgniter\View\View->render()
#8 D:\xampp\htdocs\Job\system\Common.php(1089): CodeIgniter\View\View->render()
#9 D:\xampp\htdocs\Job\app\Controllers\Job.php(42): view()
#10 D:\xampp\htdocs\Job\system\CodeIgniter.php(825): App\Controllers\Job->index()
#11 D:\xampp\htdocs\Job\system\CodeIgniter.php(412): CodeIgniter\CodeIgniter->runController()
#12 D:\xampp\htdocs\Job\system\CodeIgniter.php(320): CodeIgniter\CodeIgniter->handleRequest()
#13 D:\xampp\htdocs\Job\public\index.php(37): CodeIgniter\CodeIgniter->run()
#14 D:\xampp\htdocs\Job\system\Commands\Server\rewrite.php(43): require_once('...')
#15 {main}
CRITICAL - 2025-06-30 21:59:02 --> Trying to access array offset on null
#0 D:\xampp\htdocs\Job\app\Views\LayoutHome\Navbar\NavbarViewPartial.php(113): CodeIgniter\Debug\Exceptions->errorHandler()
#1 D:\xampp\htdocs\Job\system\View\View.php(210): include('...')
#2 D:\xampp\htdocs\Job\system\View\View.php(213): CodeIgniter\View\View->{closure:CodeIgniter\View\View::render():207}()
#3 D:\xampp\htdocs\Job\system\View\View.php(424): CodeIgniter\View\View->render()
#4 D:\xampp\htdocs\Job\app\Views\LayoutHome\LayoutHomeView.php(20): CodeIgniter\View\View->include()
#5 D:\xampp\htdocs\Job\system\View\View.php(210): include('...')
#6 D:\xampp\htdocs\Job\system\View\View.php(213): CodeIgniter\View\View->{closure:CodeIgniter\View\View::render():207}()
#7 D:\xampp\htdocs\Job\system\View\View.php(226): CodeIgniter\View\View->render()
#8 D:\xampp\htdocs\Job\system\Common.php(1089): CodeIgniter\View\View->render()
#9 D:\xampp\htdocs\Job\app\Controllers\Job.php(42): view()
#10 D:\xampp\htdocs\Job\system\CodeIgniter.php(825): App\Controllers\Job->index()
#11 D:\xampp\htdocs\Job\system\CodeIgniter.php(412): CodeIgniter\CodeIgniter->runController()
#12 D:\xampp\htdocs\Job\system\CodeIgniter.php(320): CodeIgniter\CodeIgniter->handleRequest()
#13 D:\xampp\htdocs\Job\public\index.php(37): CodeIgniter\CodeIgniter->run()
#14 D:\xampp\htdocs\Job\system\Commands\Server\rewrite.php(43): require_once('...')
#15 {main}
CRITICAL - 2025-06-30 21:59:15 --> Trying to access array offset on null
#0 D:\xampp\htdocs\Job\app\Views\LayoutHome\Navbar\NavbarViewPartial.php(113): CodeIgniter\Debug\Exceptions->errorHandler()
#1 D:\xampp\htdocs\Job\system\View\View.php(210): include('...')
#2 D:\xampp\htdocs\Job\system\View\View.php(213): CodeIgniter\View\View->{closure:CodeIgniter\View\View::render():207}()
#3 D:\xampp\htdocs\Job\system\View\View.php(424): CodeIgniter\View\View->render()
#4 D:\xampp\htdocs\Job\app\Views\LayoutHome\LayoutHomeView.php(20): CodeIgniter\View\View->include()
#5 D:\xampp\htdocs\Job\system\View\View.php(210): include('...')
#6 D:\xampp\htdocs\Job\system\View\View.php(213): CodeIgniter\View\View->{closure:CodeIgniter\View\View::render():207}()
#7 D:\xampp\htdocs\Job\system\View\View.php(226): CodeIgniter\View\View->render()
#8 D:\xampp\htdocs\Job\system\Common.php(1089): CodeIgniter\View\View->render()
#9 D:\xampp\htdocs\Job\app\Controllers\Home.php(9): view()
#10 D:\xampp\htdocs\Job\system\CodeIgniter.php(825): App\Controllers\Home->index()
#11 D:\xampp\htdocs\Job\system\CodeIgniter.php(412): CodeIgniter\CodeIgniter->runController()
#12 D:\xampp\htdocs\Job\system\CodeIgniter.php(320): CodeIgniter\CodeIgniter->handleRequest()
#13 D:\xampp\htdocs\Job\public\index.php(37): CodeIgniter\CodeIgniter->run()
#14 D:\xampp\htdocs\Job\system\Commands\Server\rewrite.php(43): require_once('...')
#15 {main}
CRITICAL - 2025-06-30 22:00:46 --> Trying to access array offset on null
#0 D:\xampp\htdocs\Job\app\Views\LayoutHome\Navbar\NavbarViewPartial.php(113): CodeIgniter\Debug\Exceptions->errorHandler()
#1 D:\xampp\htdocs\Job\system\View\View.php(210): include('...')
#2 D:\xampp\htdocs\Job\system\View\View.php(213): CodeIgniter\View\View->{closure:CodeIgniter\View\View::render():207}()
#3 D:\xampp\htdocs\Job\system\View\View.php(424): CodeIgniter\View\View->render()
#4 D:\xampp\htdocs\Job\app\Views\LayoutHome\LayoutHomeView.php(20): CodeIgniter\View\View->include()
#5 D:\xampp\htdocs\Job\system\View\View.php(210): include('...')
#6 D:\xampp\htdocs\Job\system\View\View.php(213): CodeIgniter\View\View->{closure:CodeIgniter\View\View::render():207}()
#7 D:\xampp\htdocs\Job\system\View\View.php(226): CodeIgniter\View\View->render()
#8 D:\xampp\htdocs\Job\system\Common.php(1089): CodeIgniter\View\View->render()
#9 D:\xampp\htdocs\Job\app\Controllers\Home.php(9): view()
#10 D:\xampp\htdocs\Job\system\CodeIgniter.php(825): App\Controllers\Home->index()
#11 D:\xampp\htdocs\Job\system\CodeIgniter.php(412): CodeIgniter\CodeIgniter->runController()
#12 D:\xampp\htdocs\Job\system\CodeIgniter.php(320): CodeIgniter\CodeIgniter->handleRequest()
#13 D:\xampp\htdocs\Job\public\index.php(37): CodeIgniter\CodeIgniter->run()
#14 D:\xampp\htdocs\Job\system\Commands\Server\rewrite.php(43): require_once('...')
#15 {main}
CRITICAL - 2025-06-30 22:00:47 --> Trying to access array offset on null
#0 D:\xampp\htdocs\Job\app\Views\LayoutHome\Navbar\NavbarViewPartial.php(113): CodeIgniter\Debug\Exceptions->errorHandler()
#1 D:\xampp\htdocs\Job\system\View\View.php(210): include('...')
#2 D:\xampp\htdocs\Job\system\View\View.php(213): CodeIgniter\View\View->{closure:CodeIgniter\View\View::render():207}()
#3 D:\xampp\htdocs\Job\system\View\View.php(424): CodeIgniter\View\View->render()
#4 D:\xampp\htdocs\Job\app\Views\LayoutHome\LayoutHomeView.php(20): CodeIgniter\View\View->include()
#5 D:\xampp\htdocs\Job\system\View\View.php(210): include('...')
#6 D:\xampp\htdocs\Job\system\View\View.php(213): CodeIgniter\View\View->{closure:CodeIgniter\View\View::render():207}()
#7 D:\xampp\htdocs\Job\system\View\View.php(226): CodeIgniter\View\View->render()
#8 D:\xampp\htdocs\Job\system\Common.php(1089): CodeIgniter\View\View->render()
#9 D:\xampp\htdocs\Job\app\Controllers\Home.php(9): view()
#10 D:\xampp\htdocs\Job\system\CodeIgniter.php(825): App\Controllers\Home->index()
#11 D:\xampp\htdocs\Job\system\CodeIgniter.php(412): CodeIgniter\CodeIgniter->runController()
#12 D:\xampp\htdocs\Job\system\CodeIgniter.php(320): CodeIgniter\CodeIgniter->handleRequest()
#13 D:\xampp\htdocs\Job\public\index.php(37): CodeIgniter\CodeIgniter->run()
#14 D:\xampp\htdocs\Job\system\Commands\Server\rewrite.php(43): require_once('...')
#15 {main}
CRITICAL - 2025-06-30 22:00:58 --> Trying to access array offset on null
#0 D:\xampp\htdocs\Job\app\Views\LayoutHome\Navbar\NavbarViewPartial.php(113): CodeIgniter\Debug\Exceptions->errorHandler()
#1 D:\xampp\htdocs\Job\system\View\View.php(210): include('...')
#2 D:\xampp\htdocs\Job\system\View\View.php(213): CodeIgniter\View\View->{closure:CodeIgniter\View\View::render():207}()
#3 D:\xampp\htdocs\Job\system\View\View.php(424): CodeIgniter\View\View->render()
#4 D:\xampp\htdocs\Job\app\Views\LayoutHome\LayoutHomeView.php(20): CodeIgniter\View\View->include()
#5 D:\xampp\htdocs\Job\system\View\View.php(210): include('...')
#6 D:\xampp\htdocs\Job\system\View\View.php(213): CodeIgniter\View\View->{closure:CodeIgniter\View\View::render():207}()
#7 D:\xampp\htdocs\Job\system\View\View.php(226): CodeIgniter\View\View->render()
#8 D:\xampp\htdocs\Job\system\Common.php(1089): CodeIgniter\View\View->render()
#9 D:\xampp\htdocs\Job\app\Controllers\Home.php(9): view()
#10 D:\xampp\htdocs\Job\system\CodeIgniter.php(825): App\Controllers\Home->index()
#11 D:\xampp\htdocs\Job\system\CodeIgniter.php(412): CodeIgniter\CodeIgniter->runController()
#12 D:\xampp\htdocs\Job\system\CodeIgniter.php(320): CodeIgniter\CodeIgniter->handleRequest()
#13 D:\xampp\htdocs\Job\public\index.php(37): CodeIgniter\CodeIgniter->run()
#14 D:\xampp\htdocs\Job\system\Commands\Server\rewrite.php(43): require_once('...')
#15 {main}
CRITICAL - 2025-06-30 22:01:01 --> Trying to access array offset on null
#0 D:\xampp\htdocs\Job\app\Views\LayoutHome\Navbar\NavbarViewPartial.php(113): CodeIgniter\Debug\Exceptions->errorHandler()
#1 D:\xampp\htdocs\Job\system\View\View.php(210): include('...')
#2 D:\xampp\htdocs\Job\system\View\View.php(213): CodeIgniter\View\View->{closure:CodeIgniter\View\View::render():207}()
#3 D:\xampp\htdocs\Job\system\View\View.php(424): CodeIgniter\View\View->render()
#4 D:\xampp\htdocs\Job\app\Views\LayoutHome\LayoutHomeView.php(20): CodeIgniter\View\View->include()
#5 D:\xampp\htdocs\Job\system\View\View.php(210): include('...')
#6 D:\xampp\htdocs\Job\system\View\View.php(213): CodeIgniter\View\View->{closure:CodeIgniter\View\View::render():207}()
#7 D:\xampp\htdocs\Job\system\View\View.php(226): CodeIgniter\View\View->render()
#8 D:\xampp\htdocs\Job\system\Common.php(1089): CodeIgniter\View\View->render()
#9 D:\xampp\htdocs\Job\app\Controllers\Home.php(9): view()
#10 D:\xampp\htdocs\Job\system\CodeIgniter.php(825): App\Controllers\Home->index()
#11 D:\xampp\htdocs\Job\system\CodeIgniter.php(412): CodeIgniter\CodeIgniter->runController()
#12 D:\xampp\htdocs\Job\system\CodeIgniter.php(320): CodeIgniter\CodeIgniter->handleRequest()
#13 D:\xampp\htdocs\Job\public\index.php(37): CodeIgniter\CodeIgniter->run()
#14 D:\xampp\htdocs\Job\system\Commands\Server\rewrite.php(43): require_once('...')
#15 {main}
CRITICAL - 2025-06-30 22:15:59 --> Invalid file: admin/dashboard.php
#0 D:\xampp\htdocs\Job\system\View\View.php(198): CodeIgniter\Exceptions\FrameworkException::forInvalidFile()
#1 D:\xampp\htdocs\Job\system\Common.php(1089): CodeIgniter\View\View->render()
#2 D:\xampp\htdocs\Job\app\Controllers\AdminDashboard.php(20): view()
#3 D:\xampp\htdocs\Job\system\CodeIgniter.php(825): App\Controllers\AdminDashboard->index()
#4 D:\xampp\htdocs\Job\system\CodeIgniter.php(412): CodeIgniter\CodeIgniter->runController()
#5 D:\xampp\htdocs\Job\system\CodeIgniter.php(320): CodeIgniter\CodeIgniter->handleRequest()
#6 D:\xampp\htdocs\Job\public\index.php(37): CodeIgniter\CodeIgniter->run()
#7 D:\xampp\htdocs\Job\system\Commands\Server\rewrite.php(43): require_once('...')
#8 {main}
CRITICAL - 2025-06-30 22:17:13 --> Invalid file: admin/dashboard.php
#0 D:\xampp\htdocs\Job\system\View\View.php(198): CodeIgniter\Exceptions\FrameworkException::forInvalidFile()
#1 D:\xampp\htdocs\Job\system\Common.php(1089): CodeIgniter\View\View->render()
#2 D:\xampp\htdocs\Job\app\Controllers\AdminDashboard.php(20): view()
#3 D:\xampp\htdocs\Job\system\CodeIgniter.php(825): App\Controllers\AdminDashboard->index()
#4 D:\xampp\htdocs\Job\system\CodeIgniter.php(412): CodeIgniter\CodeIgniter->runController()
#5 D:\xampp\htdocs\Job\system\CodeIgniter.php(320): CodeIgniter\CodeIgniter->handleRequest()
#6 D:\xampp\htdocs\Job\public\index.php(37): CodeIgniter\CodeIgniter->run()
#7 D:\xampp\htdocs\Job\system\Commands\Server\rewrite.php(43): require_once('...')
#8 {main}
CRITICAL - 2025-06-30 22:17:51 --> There is no data to update.
#0 D:\xampp\htdocs\Job\system\BaseModel.php(846): CodeIgniter\Database\Exceptions\DataException::forEmptyDataset()
#1 D:\xampp\htdocs\Job\system\Model.php(651): CodeIgniter\BaseModel->update()
#2 D:\xampp\htdocs\Job\app\Controllers\AdminDashboard.php(33): CodeIgniter\Model->update()
#3 D:\xampp\htdocs\Job\system\CodeIgniter.php(825): App\Controllers\AdminDashboard->reject()
#4 D:\xampp\htdocs\Job\system\CodeIgniter.php(412): CodeIgniter\CodeIgniter->runController()
#5 D:\xampp\htdocs\Job\system\CodeIgniter.php(320): CodeIgniter\CodeIgniter->handleRequest()
#6 D:\xampp\htdocs\Job\public\index.php(37): CodeIgniter\CodeIgniter->run()
#7 D:\xampp\htdocs\Job\system\Commands\Server\rewrite.php(43): require_once('...')
#8 {main}
CRITICAL - 2025-06-30 22:21:45 --> Class "App\Models\JobModel" not found
#0 D:\xampp\htdocs\Job\system\CodeIgniter.php(825): App\Controllers\AdminDashboard->index()
#1 D:\xampp\htdocs\Job\system\CodeIgniter.php(412): CodeIgniter\CodeIgniter->runController()
#2 D:\xampp\htdocs\Job\system\CodeIgniter.php(320): CodeIgniter\CodeIgniter->handleRequest()
#3 D:\xampp\htdocs\Job\public\index.php(37): CodeIgniter\CodeIgniter->run()
#4 D:\xampp\htdocs\Job\system\Commands\Server\rewrite.php(43): require_once('...')
#5 {main}
CRITICAL - 2025-06-30 22:21:48 --> Class "App\Models\JobModel" not found
#0 D:\xampp\htdocs\Job\system\CodeIgniter.php(825): App\Controllers\AdminDashboard->index()
#1 D:\xampp\htdocs\Job\system\CodeIgniter.php(412): CodeIgniter\CodeIgniter->runController()
#2 D:\xampp\htdocs\Job\system\CodeIgniter.php(320): CodeIgniter\CodeIgniter->handleRequest()
#3 D:\xampp\htdocs\Job\public\index.php(37): CodeIgniter\CodeIgniter->run()
#4 D:\xampp\htdocs\Job\system\Commands\Server\rewrite.php(43): require_once('...')
#5 {main}
ERROR - 2025-06-30 22:22:14 --> Unknown table 'job_portal_db.job'
CRITICAL - 2025-06-30 22:22:14 --> Unknown table 'job_portal_db.job'
#0 D:\xampp\htdocs\Job\system\Database\MySQLi\Connection.php(292): mysqli->query()
#1 D:\xampp\htdocs\Job\system\Database\BaseConnection.php(670): CodeIgniter\Database\MySQLi\Connection->execute()
#2 D:\xampp\htdocs\Job\system\Database\BaseConnection.php(598): CodeIgniter\Database\BaseConnection->simpleQuery()
#3 D:\xampp\htdocs\Job\system\Database\BaseBuilder.php(1455): CodeIgniter\Database\BaseConnection->query()
#4 D:\xampp\htdocs\Job\system\Model.php(183): CodeIgniter\Database\BaseBuilder->get()
#5 D:\xampp\htdocs\Job\system\BaseModel.php(584): CodeIgniter\Model->doFindAll()
#6 D:\xampp\htdocs\Job\app\Controllers\AdminDashboard.php(28): CodeIgniter\BaseModel->findAll()
#7 D:\xampp\htdocs\Job\system\CodeIgniter.php(825): App\Controllers\AdminDashboard->index()
#8 D:\xampp\htdocs\Job\system\CodeIgniter.php(412): CodeIgniter\CodeIgniter->runController()
#9 D:\xampp\htdocs\Job\system\CodeIgniter.php(320): CodeIgniter\CodeIgniter->handleRequest()
#10 D:\xampp\htdocs\Job\public\index.php(37): CodeIgniter\CodeIgniter->run()
#11 D:\xampp\htdocs\Job\system\Commands\Server\rewrite.php(43): require_once('...')
#12 {main}
ERROR - 2025-06-30 22:22:32 --> Unknown table 'job_portal_db.job'
CRITICAL - 2025-06-30 22:22:32 --> Unknown table 'job_portal_db.job'
#0 D:\xampp\htdocs\Job\system\Database\MySQLi\Connection.php(292): mysqli->query()
#1 D:\xampp\htdocs\Job\system\Database\BaseConnection.php(670): CodeIgniter\Database\MySQLi\Connection->execute()
#2 D:\xampp\htdocs\Job\system\Database\BaseConnection.php(598): CodeIgniter\Database\BaseConnection->simpleQuery()
#3 D:\xampp\htdocs\Job\system\Database\BaseBuilder.php(1455): CodeIgniter\Database\BaseConnection->query()
#4 D:\xampp\htdocs\Job\system\Model.php(183): CodeIgniter\Database\BaseBuilder->get()
#5 D:\xampp\htdocs\Job\system\BaseModel.php(584): CodeIgniter\Model->doFindAll()
#6 D:\xampp\htdocs\Job\app\Controllers\AdminDashboard.php(28): CodeIgniter\BaseModel->findAll()
#7 D:\xampp\htdocs\Job\system\CodeIgniter.php(825): App\Controllers\AdminDashboard->index()
#8 D:\xampp\htdocs\Job\system\CodeIgniter.php(412): CodeIgniter\CodeIgniter->runController()
#9 D:\xampp\htdocs\Job\system\CodeIgniter.php(320): CodeIgniter\CodeIgniter->handleRequest()
#10 D:\xampp\htdocs\Job\public\index.php(37): CodeIgniter\CodeIgniter->run()
#11 D:\xampp\htdocs\Job\system\Commands\Server\rewrite.php(43): require_once('...')
#12 {main}
ERROR - 2025-06-30 22:24:08 --> Unknown column 'job_desk.company_id' in 'on clause'
CRITICAL - 2025-06-30 22:24:08 --> Unknown column 'job_desk.company_id' in 'on clause'
#0 D:\xampp\htdocs\Job\system\Database\MySQLi\Connection.php(292): mysqli->query()
#1 D:\xampp\htdocs\Job\system\Database\BaseConnection.php(670): CodeIgniter\Database\MySQLi\Connection->execute()
#2 D:\xampp\htdocs\Job\system\Database\BaseConnection.php(598): CodeIgniter\Database\BaseConnection->simpleQuery()
#3 D:\xampp\htdocs\Job\system\Database\BaseBuilder.php(1455): CodeIgniter\Database\BaseConnection->query()
#4 D:\xampp\htdocs\Job\system\Model.php(183): CodeIgniter\Database\BaseBuilder->get()
#5 D:\xampp\htdocs\Job\system\BaseModel.php(584): CodeIgniter\Model->doFindAll()
#6 D:\xampp\htdocs\Job\app\Controllers\AdminDashboard.php(28): CodeIgniter\BaseModel->findAll()
#7 D:\xampp\htdocs\Job\system\CodeIgniter.php(825): App\Controllers\AdminDashboard->index()
#8 D:\xampp\htdocs\Job\system\CodeIgniter.php(412): CodeIgniter\CodeIgniter->runController()
#9 D:\xampp\htdocs\Job\system\CodeIgniter.php(320): CodeIgniter\CodeIgniter->handleRequest()
#10 D:\xampp\htdocs\Job\public\index.php(37): CodeIgniter\CodeIgniter->run()
#11 D:\xampp\htdocs\Job\system\Commands\Server\rewrite.php(43): require_once('...')
#12 {main}
CRITICAL - 2025-06-30 22:26:04 --> Undefined array key "telepon"
#0 D:\xampp\htdocs\Job\app\Views\admin\dashboard.php(100): CodeIgniter\Debug\Exceptions->errorHandler()
#1 D:\xampp\htdocs\Job\system\View\View.php(210): include('...')
#2 D:\xampp\htdocs\Job\system\View\View.php(213): CodeIgniter\View\View->{closure:CodeIgniter\View\View::render():207}()
#3 D:\xampp\htdocs\Job\system\Common.php(1089): CodeIgniter\View\View->render()
#4 D:\xampp\htdocs\Job\app\Controllers\AdminDashboard.php(30): view()
#5 D:\xampp\htdocs\Job\system\CodeIgniter.php(825): App\Controllers\AdminDashboard->index()
#6 D:\xampp\htdocs\Job\system\CodeIgniter.php(412): CodeIgniter\CodeIgniter->runController()
#7 D:\xampp\htdocs\Job\system\CodeIgniter.php(320): CodeIgniter\CodeIgniter->handleRequest()
#8 D:\xampp\htdocs\Job\public\index.php(37): CodeIgniter\CodeIgniter->run()
#9 D:\xampp\htdocs\Job\system\Commands\Server\rewrite.php(43): require_once('...')
#10 {main}
CRITICAL - 2025-06-30 22:28:00 --> Undefined array key "judul"
#0 D:\xampp\htdocs\Job\app\Views\admin\dashboard.php(133): CodeIgniter\Debug\Exceptions->errorHandler()
#1 D:\xampp\htdocs\Job\system\View\View.php(210): include('...')
#2 D:\xampp\htdocs\Job\system\View\View.php(213): CodeIgniter\View\View->{closure:CodeIgniter\View\View::render():207}()
#3 D:\xampp\htdocs\Job\system\Common.php(1089): CodeIgniter\View\View->render()
#4 D:\xampp\htdocs\Job\app\Controllers\AdminDashboard.php(30): view()
#5 D:\xampp\htdocs\Job\system\CodeIgniter.php(825): App\Controllers\AdminDashboard->index()
#6 D:\xampp\htdocs\Job\system\CodeIgniter.php(412): CodeIgniter\CodeIgniter->runController()
#7 D:\xampp\htdocs\Job\system\CodeIgniter.php(320): CodeIgniter\CodeIgniter->handleRequest()
#8 D:\xampp\htdocs\Job\public\index.php(37): CodeIgniter\CodeIgniter->run()
#9 D:\xampp\htdocs\Job\system\Commands\Server\rewrite.php(43): require_once('...')
#10 {main}
CRITICAL - 2025-06-30 22:32:03 --> There is no data to update.
#0 D:\xampp\htdocs\Job\system\BaseModel.php(846): CodeIgniter\Database\Exceptions\DataException::forEmptyDataset()
#1 D:\xampp\htdocs\Job\system\Model.php(651): CodeIgniter\BaseModel->update()
#2 D:\xampp\htdocs\Job\app\Controllers\AdminDashboard.php(43): CodeIgniter\Model->update()
#3 D:\xampp\htdocs\Job\system\CodeIgniter.php(825): App\Controllers\AdminDashboard->reject()
#4 D:\xampp\htdocs\Job\system\CodeIgniter.php(412): CodeIgniter\CodeIgniter->runController()
#5 D:\xampp\htdocs\Job\system\CodeIgniter.php(320): CodeIgniter\CodeIgniter->handleRequest()
#6 D:\xampp\htdocs\Job\public\index.php(37): CodeIgniter\CodeIgniter->run()
#7 D:\xampp\htdocs\Job\system\Commands\Server\rewrite.php(43): require_once('...')
#8 {main}
CRITICAL - 2025-06-30 22:33:29 --> There is no data to update.
#0 D:\xampp\htdocs\Job\system\BaseModel.php(846): CodeIgniter\Database\Exceptions\DataException::forEmptyDataset()
#1 D:\xampp\htdocs\Job\system\Model.php(651): CodeIgniter\BaseModel->update()
#2 D:\xampp\htdocs\Job\app\Controllers\AdminDashboard.php(48): CodeIgniter\Model->update()
#3 D:\xampp\htdocs\Job\system\CodeIgniter.php(825): App\Controllers\AdminDashboard->reject()
#4 D:\xampp\htdocs\Job\system\CodeIgniter.php(412): CodeIgniter\CodeIgniter->runController()
#5 D:\xampp\htdocs\Job\system\CodeIgniter.php(320): CodeIgniter\CodeIgniter->handleRequest()
#6 D:\xampp\htdocs\Job\public\index.php(37): CodeIgniter\CodeIgniter->run()
#7 D:\xampp\htdocs\Job\system\Commands\Server\rewrite.php(43): require_once('...')
#8 {main}
