CRITICAL - 2025-06-02 12:15:35 --> syntax error, unexpected token "/"
#0 D:\xampp\htdocs\Job\system\View\View.php(213): CodeIgniter\View\View->{closure:CodeIgniter\View\View::render():207}()
#1 D:\xampp\htdocs\Job\system\View\View.php(424): CodeIgniter\View\View->render()
#2 D:\xampp\htdocs\Job\app\Views\LayoutHome\LayoutHomeView.php(17): CodeIgniter\View\View->include()
#3 D:\xampp\htdocs\Job\system\View\View.php(210): include('...')
#4 D:\xampp\htdocs\Job\system\View\View.php(213): CodeIgniter\View\View->{closure:CodeIgniter\View\View::render():207}()
#5 D:\xampp\htdocs\Job\system\View\View.php(226): CodeIgniter\View\View->render()
#6 D:\xampp\htdocs\Job\system\Common.php(1089): CodeIgniter\View\View->render()
#7 D:\xampp\htdocs\Job\app\Controllers\Job.php(32): view()
#8 D:\xampp\htdocs\Job\system\CodeIgniter.php(825): App\Controllers\Job->index()
#9 D:\xampp\htdocs\Job\system\CodeIgniter.php(412): CodeIgniter\CodeIgniter->runController()
#10 D:\xampp\htdocs\Job\system\CodeIgniter.php(320): CodeIgniter\CodeIgniter->handleRequest()
#11 D:\xampp\htdocs\Job\public\index.php(37): CodeIgniter\CodeIgniter->run()
#12 D:\xampp\htdocs\Job\system\Commands\Server\rewrite.php(43): require_once('...')
#13 {main}
CRITICAL - 2025-06-02 17:35:00 --> Invalid file: job view.php
#0 C:\xampp\htdocs\job-project\system\View\View.php(198): CodeIgniter\Exceptions\FrameworkException::forInvalidFile('job view.php')
#1 C:\xampp\htdocs\job-project\system\Common.php(1089): CodeIgniter\View\View->render('job view', Array, true)
#2 C:\xampp\htdocs\job-project\app\Controllers\Home.php(9): view('job view')
#3 C:\xampp\htdocs\job-project\system\CodeIgniter.php(825): App\Controllers\Home->index()
#4 C:\xampp\htdocs\job-project\system\CodeIgniter.php(412): CodeIgniter\CodeIgniter->runController(Object(App\Controllers\Home))
#5 C:\xampp\htdocs\job-project\system\CodeIgniter.php(320): CodeIgniter\CodeIgniter->handleRequest(NULL, Object(Config\Cache), false)
#6 C:\xampp\htdocs\job-project\public\index.php(37): CodeIgniter\CodeIgniter->run()
#7 C:\xampp\htdocs\job-project\system\Commands\Server\rewrite.php(43): require_once('C:\\xampp\\htdocs...')
#8 {main}
CRITICAL - 2025-06-02 17:35:34 --> Invalid file: job view.php
#0 C:\xampp\htdocs\job-project\system\View\View.php(198): CodeIgniter\Exceptions\FrameworkException::forInvalidFile('job view.php')
#1 C:\xampp\htdocs\job-project\system\Common.php(1089): CodeIgniter\View\View->render('job view', Array, true)
#2 C:\xampp\htdocs\job-project\app\Controllers\Home.php(9): view('job view')
#3 C:\xampp\htdocs\job-project\system\CodeIgniter.php(825): App\Controllers\Home->index()
#4 C:\xampp\htdocs\job-project\system\CodeIgniter.php(412): CodeIgniter\CodeIgniter->runController(Object(App\Controllers\Home))
#5 C:\xampp\htdocs\job-project\system\CodeIgniter.php(320): CodeIgniter\CodeIgniter->handleRequest(NULL, Object(Config\Cache), false)
#6 C:\xampp\htdocs\job-project\public\index.php(37): CodeIgniter\CodeIgniter->run()
#7 C:\xampp\htdocs\job-project\system\Commands\Server\rewrite.php(43): require_once('C:\\xampp\\htdocs...')
#8 {main}
CRITICAL - 2025-06-02 17:35:35 --> Invalid file: job view.php
#0 C:\xampp\htdocs\job-project\system\View\View.php(198): CodeIgniter\Exceptions\FrameworkException::forInvalidFile('job view.php')
#1 C:\xampp\htdocs\job-project\system\Common.php(1089): CodeIgniter\View\View->render('job view', Array, true)
#2 C:\xampp\htdocs\job-project\app\Controllers\Home.php(9): view('job view')
#3 C:\xampp\htdocs\job-project\system\CodeIgniter.php(825): App\Controllers\Home->index()
#4 C:\xampp\htdocs\job-project\system\CodeIgniter.php(412): CodeIgniter\CodeIgniter->runController(Object(App\Controllers\Home))
#5 C:\xampp\htdocs\job-project\system\CodeIgniter.php(320): CodeIgniter\CodeIgniter->handleRequest(NULL, Object(Config\Cache), false)
#6 C:\xampp\htdocs\job-project\public\index.php(37): CodeIgniter\CodeIgniter->run()
#7 C:\xampp\htdocs\job-project\system\Commands\Server\rewrite.php(43): require_once('C:\\xampp\\htdocs...')
#8 {main}
CRITICAL - 2025-06-02 17:35:35 --> Invalid file: job view.php
#0 C:\xampp\htdocs\job-project\system\View\View.php(198): CodeIgniter\Exceptions\FrameworkException::forInvalidFile('job view.php')
#1 C:\xampp\htdocs\job-project\system\Common.php(1089): CodeIgniter\View\View->render('job view', Array, true)
#2 C:\xampp\htdocs\job-project\app\Controllers\Home.php(9): view('job view')
#3 C:\xampp\htdocs\job-project\system\CodeIgniter.php(825): App\Controllers\Home->index()
#4 C:\xampp\htdocs\job-project\system\CodeIgniter.php(412): CodeIgniter\CodeIgniter->runController(Object(App\Controllers\Home))
#5 C:\xampp\htdocs\job-project\system\CodeIgniter.php(320): CodeIgniter\CodeIgniter->handleRequest(NULL, Object(Config\Cache), false)
#6 C:\xampp\htdocs\job-project\public\index.php(37): CodeIgniter\CodeIgniter->run()
#7 C:\xampp\htdocs\job-project\system\Commands\Server\rewrite.php(43): require_once('C:\\xampp\\htdocs...')
#8 {main}
CRITICAL - 2025-06-02 17:35:35 --> Invalid file: job view.php
#0 C:\xampp\htdocs\job-project\system\View\View.php(198): CodeIgniter\Exceptions\FrameworkException::forInvalidFile('job view.php')
#1 C:\xampp\htdocs\job-project\system\Common.php(1089): CodeIgniter\View\View->render('job view', Array, true)
#2 C:\xampp\htdocs\job-project\app\Controllers\Home.php(9): view('job view')
#3 C:\xampp\htdocs\job-project\system\CodeIgniter.php(825): App\Controllers\Home->index()
#4 C:\xampp\htdocs\job-project\system\CodeIgniter.php(412): CodeIgniter\CodeIgniter->runController(Object(App\Controllers\Home))
#5 C:\xampp\htdocs\job-project\system\CodeIgniter.php(320): CodeIgniter\CodeIgniter->handleRequest(NULL, Object(Config\Cache), false)
#6 C:\xampp\htdocs\job-project\public\index.php(37): CodeIgniter\CodeIgniter->run()
#7 C:\xampp\htdocs\job-project\system\Commands\Server\rewrite.php(43): require_once('C:\\xampp\\htdocs...')
#8 {main}
CRITICAL - 2025-06-02 17:35:35 --> Invalid file: job view.php
#0 C:\xampp\htdocs\job-project\system\View\View.php(198): CodeIgniter\Exceptions\FrameworkException::forInvalidFile('job view.php')
#1 C:\xampp\htdocs\job-project\system\Common.php(1089): CodeIgniter\View\View->render('job view', Array, true)
#2 C:\xampp\htdocs\job-project\app\Controllers\Home.php(9): view('job view')
#3 C:\xampp\htdocs\job-project\system\CodeIgniter.php(825): App\Controllers\Home->index()
#4 C:\xampp\htdocs\job-project\system\CodeIgniter.php(412): CodeIgniter\CodeIgniter->runController(Object(App\Controllers\Home))
#5 C:\xampp\htdocs\job-project\system\CodeIgniter.php(320): CodeIgniter\CodeIgniter->handleRequest(NULL, Object(Config\Cache), false)
#6 C:\xampp\htdocs\job-project\public\index.php(37): CodeIgniter\CodeIgniter->run()
#7 C:\xampp\htdocs\job-project\system\Commands\Server\rewrite.php(43): require_once('C:\\xampp\\htdocs...')
#8 {main}
CRITICAL - 2025-06-02 17:35:36 --> Invalid file: job view.php
#0 C:\xampp\htdocs\job-project\system\View\View.php(198): CodeIgniter\Exceptions\FrameworkException::forInvalidFile('job view.php')
#1 C:\xampp\htdocs\job-project\system\Common.php(1089): CodeIgniter\View\View->render('job view', Array, true)
#2 C:\xampp\htdocs\job-project\app\Controllers\Home.php(9): view('job view')
#3 C:\xampp\htdocs\job-project\system\CodeIgniter.php(825): App\Controllers\Home->index()
#4 C:\xampp\htdocs\job-project\system\CodeIgniter.php(412): CodeIgniter\CodeIgniter->runController(Object(App\Controllers\Home))
#5 C:\xampp\htdocs\job-project\system\CodeIgniter.php(320): CodeIgniter\CodeIgniter->handleRequest(NULL, Object(Config\Cache), false)
#6 C:\xampp\htdocs\job-project\public\index.php(37): CodeIgniter\CodeIgniter->run()
#7 C:\xampp\htdocs\job-project\system\Commands\Server\rewrite.php(43): require_once('C:\\xampp\\htdocs...')
#8 {main}
