CRITICAL - 2025-06-11 06:27:41 --> Undefined variable $webDevCount
#0 D:\xampp\htdocs\Job\app\Views\Job\JobView.php(60): CodeIgniter\Debug\Exceptions->errorHandler()
#1 D:\xampp\htdocs\Job\system\View\View.php(210): include('...')
#2 D:\xampp\htdocs\Job\system\View\View.php(213): CodeIgniter\View\View->{closure:CodeIgniter\View\View::render():207}()
#3 D:\xampp\htdocs\Job\system\Common.php(1089): CodeIgniter\View\View->render()
#4 D:\xampp\htdocs\Job\app\Controllers\Home.php(9): view()
#5 D:\xampp\htdocs\Job\system\CodeIgniter.php(825): App\Controllers\Home->index()
#6 D:\xampp\htdocs\Job\system\CodeIgniter.php(412): CodeIgniter\CodeIgniter->runController()
#7 D:\xampp\htdocs\Job\system\CodeIgniter.php(320): CodeIgniter\CodeIgniter->handleRequest()
#8 D:\xampp\htdocs\Job\public\index.php(37): CodeIgniter\CodeIgniter->run()
#9 D:\xampp\htdocs\Job\system\Commands\Server\rewrite.php(43): require_once('...')
#10 {main}
CRITICAL - 2025-06-11 06:29:14 --> Undefined variable $webDevCount
#0 D:\xampp\htdocs\Job\app\Views\Job\JobView.php(60): CodeIgniter\Debug\Exceptions->errorHandler()
#1 D:\xampp\htdocs\Job\system\View\View.php(210): include('...')
#2 D:\xampp\htdocs\Job\system\View\View.php(213): CodeIgniter\View\View->{closure:CodeIgniter\View\View::render():207}()
#3 D:\xampp\htdocs\Job\system\Common.php(1089): CodeIgniter\View\View->render()
#4 D:\xampp\htdocs\Job\app\Controllers\Home.php(9): view()
#5 D:\xampp\htdocs\Job\system\CodeIgniter.php(825): App\Controllers\Home->index()
#6 D:\xampp\htdocs\Job\system\CodeIgniter.php(412): CodeIgniter\CodeIgniter->runController()
#7 D:\xampp\htdocs\Job\system\CodeIgniter.php(320): CodeIgniter\CodeIgniter->handleRequest()
#8 D:\xampp\htdocs\Job\public\index.php(37): CodeIgniter\CodeIgniter->run()
#9 D:\xampp\htdocs\Job\system\Commands\Server\rewrite.php(43): require_once('...')
#10 {main}
CRITICAL - 2025-06-11 06:29:23 --> Undefined variable $webDevCount
#0 D:\xampp\htdocs\Job\app\Views\Job\JobView.php(60): CodeIgniter\Debug\Exceptions->errorHandler()
#1 D:\xampp\htdocs\Job\system\View\View.php(210): include('...')
#2 D:\xampp\htdocs\Job\system\View\View.php(213): CodeIgniter\View\View->{closure:CodeIgniter\View\View::render():207}()
#3 D:\xampp\htdocs\Job\system\Common.php(1089): CodeIgniter\View\View->render()
#4 D:\xampp\htdocs\Job\app\Controllers\Home.php(9): view()
#5 D:\xampp\htdocs\Job\system\CodeIgniter.php(825): App\Controllers\Home->index()
#6 D:\xampp\htdocs\Job\system\CodeIgniter.php(412): CodeIgniter\CodeIgniter->runController()
#7 D:\xampp\htdocs\Job\system\CodeIgniter.php(320): CodeIgniter\CodeIgniter->handleRequest()
#8 D:\xampp\htdocs\Job\public\index.php(37): CodeIgniter\CodeIgniter->run()
#9 D:\xampp\htdocs\Job\system\Commands\Server\rewrite.php(43): require_once('...')
#10 {main}
CRITICAL - 2025-06-11 06:29:24 --> Undefined variable $webDevCount
#0 D:\xampp\htdocs\Job\app\Views\Job\JobView.php(60): CodeIgniter\Debug\Exceptions->errorHandler()
#1 D:\xampp\htdocs\Job\system\View\View.php(210): include('...')
#2 D:\xampp\htdocs\Job\system\View\View.php(213): CodeIgniter\View\View->{closure:CodeIgniter\View\View::render():207}()
#3 D:\xampp\htdocs\Job\system\Common.php(1089): CodeIgniter\View\View->render()
#4 D:\xampp\htdocs\Job\app\Controllers\Home.php(9): view()
#5 D:\xampp\htdocs\Job\system\CodeIgniter.php(825): App\Controllers\Home->index()
#6 D:\xampp\htdocs\Job\system\CodeIgniter.php(412): CodeIgniter\CodeIgniter->runController()
#7 D:\xampp\htdocs\Job\system\CodeIgniter.php(320): CodeIgniter\CodeIgniter->handleRequest()
#8 D:\xampp\htdocs\Job\public\index.php(37): CodeIgniter\CodeIgniter->run()
#9 D:\xampp\htdocs\Job\system\Commands\Server\rewrite.php(43): require_once('...')
#10 {main}
CRITICAL - 2025-06-11 06:29:24 --> Undefined variable $webDevCount
#0 D:\xampp\htdocs\Job\app\Views\Job\JobView.php(60): CodeIgniter\Debug\Exceptions->errorHandler()
#1 D:\xampp\htdocs\Job\system\View\View.php(210): include('...')
#2 D:\xampp\htdocs\Job\system\View\View.php(213): CodeIgniter\View\View->{closure:CodeIgniter\View\View::render():207}()
#3 D:\xampp\htdocs\Job\system\Common.php(1089): CodeIgniter\View\View->render()
#4 D:\xampp\htdocs\Job\app\Controllers\Home.php(9): view()
#5 D:\xampp\htdocs\Job\system\CodeIgniter.php(825): App\Controllers\Home->index()
#6 D:\xampp\htdocs\Job\system\CodeIgniter.php(412): CodeIgniter\CodeIgniter->runController()
#7 D:\xampp\htdocs\Job\system\CodeIgniter.php(320): CodeIgniter\CodeIgniter->handleRequest()
#8 D:\xampp\htdocs\Job\public\index.php(37): CodeIgniter\CodeIgniter->run()
#9 D:\xampp\htdocs\Job\system\Commands\Server\rewrite.php(43): require_once('...')
#10 {main}
CRITICAL - 2025-06-11 06:29:24 --> Undefined variable $webDevCount
#0 D:\xampp\htdocs\Job\app\Views\Job\JobView.php(60): CodeIgniter\Debug\Exceptions->errorHandler()
#1 D:\xampp\htdocs\Job\system\View\View.php(210): include('...')
#2 D:\xampp\htdocs\Job\system\View\View.php(213): CodeIgniter\View\View->{closure:CodeIgniter\View\View::render():207}()
#3 D:\xampp\htdocs\Job\system\Common.php(1089): CodeIgniter\View\View->render()
#4 D:\xampp\htdocs\Job\app\Controllers\Home.php(9): view()
#5 D:\xampp\htdocs\Job\system\CodeIgniter.php(825): App\Controllers\Home->index()
#6 D:\xampp\htdocs\Job\system\CodeIgniter.php(412): CodeIgniter\CodeIgniter->runController()
#7 D:\xampp\htdocs\Job\system\CodeIgniter.php(320): CodeIgniter\CodeIgniter->handleRequest()
#8 D:\xampp\htdocs\Job\public\index.php(37): CodeIgniter\CodeIgniter->run()
#9 D:\xampp\htdocs\Job\system\Commands\Server\rewrite.php(43): require_once('...')
#10 {main}
CRITICAL - 2025-06-11 06:29:24 --> Undefined variable $webDevCount
#0 D:\xampp\htdocs\Job\app\Views\Job\JobView.php(60): CodeIgniter\Debug\Exceptions->errorHandler()
#1 D:\xampp\htdocs\Job\system\View\View.php(210): include('...')
#2 D:\xampp\htdocs\Job\system\View\View.php(213): CodeIgniter\View\View->{closure:CodeIgniter\View\View::render():207}()
#3 D:\xampp\htdocs\Job\system\Common.php(1089): CodeIgniter\View\View->render()
#4 D:\xampp\htdocs\Job\app\Controllers\Home.php(9): view()
#5 D:\xampp\htdocs\Job\system\CodeIgniter.php(825): App\Controllers\Home->index()
#6 D:\xampp\htdocs\Job\system\CodeIgniter.php(412): CodeIgniter\CodeIgniter->runController()
#7 D:\xampp\htdocs\Job\system\CodeIgniter.php(320): CodeIgniter\CodeIgniter->handleRequest()
#8 D:\xampp\htdocs\Job\public\index.php(37): CodeIgniter\CodeIgniter->run()
#9 D:\xampp\htdocs\Job\system\Commands\Server\rewrite.php(43): require_once('...')
#10 {main}
CRITICAL - 2025-06-11 06:29:24 --> Undefined variable $webDevCount
#0 D:\xampp\htdocs\Job\app\Views\Job\JobView.php(60): CodeIgniter\Debug\Exceptions->errorHandler()
#1 D:\xampp\htdocs\Job\system\View\View.php(210): include('...')
#2 D:\xampp\htdocs\Job\system\View\View.php(213): CodeIgniter\View\View->{closure:CodeIgniter\View\View::render():207}()
#3 D:\xampp\htdocs\Job\system\Common.php(1089): CodeIgniter\View\View->render()
#4 D:\xampp\htdocs\Job\app\Controllers\Home.php(9): view()
#5 D:\xampp\htdocs\Job\system\CodeIgniter.php(825): App\Controllers\Home->index()
#6 D:\xampp\htdocs\Job\system\CodeIgniter.php(412): CodeIgniter\CodeIgniter->runController()
#7 D:\xampp\htdocs\Job\system\CodeIgniter.php(320): CodeIgniter\CodeIgniter->handleRequest()
#8 D:\xampp\htdocs\Job\public\index.php(37): CodeIgniter\CodeIgniter->run()
#9 D:\xampp\htdocs\Job\system\Commands\Server\rewrite.php(43): require_once('...')
#10 {main}
CRITICAL - 2025-06-11 06:29:25 --> Undefined variable $webDevCount
#0 D:\xampp\htdocs\Job\app\Views\Job\JobView.php(60): CodeIgniter\Debug\Exceptions->errorHandler()
#1 D:\xampp\htdocs\Job\system\View\View.php(210): include('...')
#2 D:\xampp\htdocs\Job\system\View\View.php(213): CodeIgniter\View\View->{closure:CodeIgniter\View\View::render():207}()
#3 D:\xampp\htdocs\Job\system\Common.php(1089): CodeIgniter\View\View->render()
#4 D:\xampp\htdocs\Job\app\Controllers\Home.php(9): view()
#5 D:\xampp\htdocs\Job\system\CodeIgniter.php(825): App\Controllers\Home->index()
#6 D:\xampp\htdocs\Job\system\CodeIgniter.php(412): CodeIgniter\CodeIgniter->runController()
#7 D:\xampp\htdocs\Job\system\CodeIgniter.php(320): CodeIgniter\CodeIgniter->handleRequest()
#8 D:\xampp\htdocs\Job\public\index.php(37): CodeIgniter\CodeIgniter->run()
#9 D:\xampp\htdocs\Job\system\Commands\Server\rewrite.php(43): require_once('...')
#10 {main}
CRITICAL - 2025-06-11 06:29:25 --> Undefined variable $webDevCount
#0 D:\xampp\htdocs\Job\app\Views\Job\JobView.php(60): CodeIgniter\Debug\Exceptions->errorHandler()
#1 D:\xampp\htdocs\Job\system\View\View.php(210): include('...')
#2 D:\xampp\htdocs\Job\system\View\View.php(213): CodeIgniter\View\View->{closure:CodeIgniter\View\View::render():207}()
#3 D:\xampp\htdocs\Job\system\Common.php(1089): CodeIgniter\View\View->render()
#4 D:\xampp\htdocs\Job\app\Controllers\Home.php(9): view()
#5 D:\xampp\htdocs\Job\system\CodeIgniter.php(825): App\Controllers\Home->index()
#6 D:\xampp\htdocs\Job\system\CodeIgniter.php(412): CodeIgniter\CodeIgniter->runController()
#7 D:\xampp\htdocs\Job\system\CodeIgniter.php(320): CodeIgniter\CodeIgniter->handleRequest()
#8 D:\xampp\htdocs\Job\public\index.php(37): CodeIgniter\CodeIgniter->run()
#9 D:\xampp\htdocs\Job\system\Commands\Server\rewrite.php(43): require_once('...')
#10 {main}
CRITICAL - 2025-06-11 06:29:25 --> Undefined variable $webDevCount
#0 D:\xampp\htdocs\Job\app\Views\Job\JobView.php(60): CodeIgniter\Debug\Exceptions->errorHandler()
#1 D:\xampp\htdocs\Job\system\View\View.php(210): include('...')
#2 D:\xampp\htdocs\Job\system\View\View.php(213): CodeIgniter\View\View->{closure:CodeIgniter\View\View::render():207}()
#3 D:\xampp\htdocs\Job\system\Common.php(1089): CodeIgniter\View\View->render()
#4 D:\xampp\htdocs\Job\app\Controllers\Home.php(9): view()
#5 D:\xampp\htdocs\Job\system\CodeIgniter.php(825): App\Controllers\Home->index()
#6 D:\xampp\htdocs\Job\system\CodeIgniter.php(412): CodeIgniter\CodeIgniter->runController()
#7 D:\xampp\htdocs\Job\system\CodeIgniter.php(320): CodeIgniter\CodeIgniter->handleRequest()
#8 D:\xampp\htdocs\Job\public\index.php(37): CodeIgniter\CodeIgniter->run()
#9 D:\xampp\htdocs\Job\system\Commands\Server\rewrite.php(43): require_once('...')
#10 {main}
CRITICAL - 2025-06-11 06:30:07 --> Undefined variable $webDevCount
#0 D:\xampp\htdocs\Job\app\Views\Job\JobView.php(60): CodeIgniter\Debug\Exceptions->errorHandler()
#1 D:\xampp\htdocs\Job\system\View\View.php(210): include('...')
#2 D:\xampp\htdocs\Job\system\View\View.php(213): CodeIgniter\View\View->{closure:CodeIgniter\View\View::render():207}()
#3 D:\xampp\htdocs\Job\system\Common.php(1089): CodeIgniter\View\View->render()
#4 D:\xampp\htdocs\Job\app\Controllers\Home.php(9): view()
#5 D:\xampp\htdocs\Job\system\CodeIgniter.php(825): App\Controllers\Home->index()
#6 D:\xampp\htdocs\Job\system\CodeIgniter.php(412): CodeIgniter\CodeIgniter->runController()
#7 D:\xampp\htdocs\Job\system\CodeIgniter.php(320): CodeIgniter\CodeIgniter->handleRequest()
#8 D:\xampp\htdocs\Job\public\index.php(37): CodeIgniter\CodeIgniter->run()
#9 D:\xampp\htdocs\Job\system\Commands\Server\rewrite.php(43): require_once('...')
#10 {main}
CRITICAL - 2025-06-11 06:30:08 --> Undefined variable $webDevCount
#0 D:\xampp\htdocs\Job\app\Views\Job\JobView.php(60): CodeIgniter\Debug\Exceptions->errorHandler()
#1 D:\xampp\htdocs\Job\system\View\View.php(210): include('...')
#2 D:\xampp\htdocs\Job\system\View\View.php(213): CodeIgniter\View\View->{closure:CodeIgniter\View\View::render():207}()
#3 D:\xampp\htdocs\Job\system\Common.php(1089): CodeIgniter\View\View->render()
#4 D:\xampp\htdocs\Job\app\Controllers\Home.php(9): view()
#5 D:\xampp\htdocs\Job\system\CodeIgniter.php(825): App\Controllers\Home->index()
#6 D:\xampp\htdocs\Job\system\CodeIgniter.php(412): CodeIgniter\CodeIgniter->runController()
#7 D:\xampp\htdocs\Job\system\CodeIgniter.php(320): CodeIgniter\CodeIgniter->handleRequest()
#8 D:\xampp\htdocs\Job\public\index.php(37): CodeIgniter\CodeIgniter->run()
#9 D:\xampp\htdocs\Job\system\Commands\Server\rewrite.php(43): require_once('...')
#10 {main}
CRITICAL - 2025-06-11 06:30:09 --> Undefined variable $webDevCount
#0 D:\xampp\htdocs\Job\app\Views\Job\JobView.php(60): CodeIgniter\Debug\Exceptions->errorHandler()
#1 D:\xampp\htdocs\Job\system\View\View.php(210): include('...')
#2 D:\xampp\htdocs\Job\system\View\View.php(213): CodeIgniter\View\View->{closure:CodeIgniter\View\View::render():207}()
#3 D:\xampp\htdocs\Job\system\Common.php(1089): CodeIgniter\View\View->render()
#4 D:\xampp\htdocs\Job\app\Controllers\Home.php(9): view()
#5 D:\xampp\htdocs\Job\system\CodeIgniter.php(825): App\Controllers\Home->index()
#6 D:\xampp\htdocs\Job\system\CodeIgniter.php(412): CodeIgniter\CodeIgniter->runController()
#7 D:\xampp\htdocs\Job\system\CodeIgniter.php(320): CodeIgniter\CodeIgniter->handleRequest()
#8 D:\xampp\htdocs\Job\public\index.php(37): CodeIgniter\CodeIgniter->run()
#9 D:\xampp\htdocs\Job\system\Commands\Server\rewrite.php(43): require_once('...')
#10 {main}
CRITICAL - 2025-06-11 06:30:09 --> Undefined variable $webDevCount
#0 D:\xampp\htdocs\Job\app\Views\Job\JobView.php(60): CodeIgniter\Debug\Exceptions->errorHandler()
#1 D:\xampp\htdocs\Job\system\View\View.php(210): include('...')
#2 D:\xampp\htdocs\Job\system\View\View.php(213): CodeIgniter\View\View->{closure:CodeIgniter\View\View::render():207}()
#3 D:\xampp\htdocs\Job\system\Common.php(1089): CodeIgniter\View\View->render()
#4 D:\xampp\htdocs\Job\app\Controllers\Home.php(9): view()
#5 D:\xampp\htdocs\Job\system\CodeIgniter.php(825): App\Controllers\Home->index()
#6 D:\xampp\htdocs\Job\system\CodeIgniter.php(412): CodeIgniter\CodeIgniter->runController()
#7 D:\xampp\htdocs\Job\system\CodeIgniter.php(320): CodeIgniter\CodeIgniter->handleRequest()
#8 D:\xampp\htdocs\Job\public\index.php(37): CodeIgniter\CodeIgniter->run()
#9 D:\xampp\htdocs\Job\system\Commands\Server\rewrite.php(43): require_once('...')
#10 {main}
CRITICAL - 2025-06-11 06:30:10 --> Undefined variable $webDevCount
#0 D:\xampp\htdocs\Job\app\Views\Job\JobView.php(60): CodeIgniter\Debug\Exceptions->errorHandler()
#1 D:\xampp\htdocs\Job\system\View\View.php(210): include('...')
#2 D:\xampp\htdocs\Job\system\View\View.php(213): CodeIgniter\View\View->{closure:CodeIgniter\View\View::render():207}()
#3 D:\xampp\htdocs\Job\system\Common.php(1089): CodeIgniter\View\View->render()
#4 D:\xampp\htdocs\Job\app\Controllers\Home.php(9): view()
#5 D:\xampp\htdocs\Job\system\CodeIgniter.php(825): App\Controllers\Home->index()
#6 D:\xampp\htdocs\Job\system\CodeIgniter.php(412): CodeIgniter\CodeIgniter->runController()
#7 D:\xampp\htdocs\Job\system\CodeIgniter.php(320): CodeIgniter\CodeIgniter->handleRequest()
#8 D:\xampp\htdocs\Job\public\index.php(37): CodeIgniter\CodeIgniter->run()
#9 D:\xampp\htdocs\Job\system\Commands\Server\rewrite.php(43): require_once('...')
#10 {main}
CRITICAL - 2025-06-11 06:30:10 --> Undefined variable $webDevCount
#0 D:\xampp\htdocs\Job\app\Views\Job\JobView.php(60): CodeIgniter\Debug\Exceptions->errorHandler()
#1 D:\xampp\htdocs\Job\system\View\View.php(210): include('...')
#2 D:\xampp\htdocs\Job\system\View\View.php(213): CodeIgniter\View\View->{closure:CodeIgniter\View\View::render():207}()
#3 D:\xampp\htdocs\Job\system\Common.php(1089): CodeIgniter\View\View->render()
#4 D:\xampp\htdocs\Job\app\Controllers\Home.php(9): view()
#5 D:\xampp\htdocs\Job\system\CodeIgniter.php(825): App\Controllers\Home->index()
#6 D:\xampp\htdocs\Job\system\CodeIgniter.php(412): CodeIgniter\CodeIgniter->runController()
#7 D:\xampp\htdocs\Job\system\CodeIgniter.php(320): CodeIgniter\CodeIgniter->handleRequest()
#8 D:\xampp\htdocs\Job\public\index.php(37): CodeIgniter\CodeIgniter->run()
#9 D:\xampp\htdocs\Job\system\Commands\Server\rewrite.php(43): require_once('...')
#10 {main}
CRITICAL - 2025-06-11 06:30:10 --> Undefined variable $webDevCount
#0 D:\xampp\htdocs\Job\app\Views\Job\JobView.php(60): CodeIgniter\Debug\Exceptions->errorHandler()
#1 D:\xampp\htdocs\Job\system\View\View.php(210): include('...')
#2 D:\xampp\htdocs\Job\system\View\View.php(213): CodeIgniter\View\View->{closure:CodeIgniter\View\View::render():207}()
#3 D:\xampp\htdocs\Job\system\Common.php(1089): CodeIgniter\View\View->render()
#4 D:\xampp\htdocs\Job\app\Controllers\Home.php(9): view()
#5 D:\xampp\htdocs\Job\system\CodeIgniter.php(825): App\Controllers\Home->index()
#6 D:\xampp\htdocs\Job\system\CodeIgniter.php(412): CodeIgniter\CodeIgniter->runController()
#7 D:\xampp\htdocs\Job\system\CodeIgniter.php(320): CodeIgniter\CodeIgniter->handleRequest()
#8 D:\xampp\htdocs\Job\public\index.php(37): CodeIgniter\CodeIgniter->run()
#9 D:\xampp\htdocs\Job\system\Commands\Server\rewrite.php(43): require_once('...')
#10 {main}
CRITICAL - 2025-06-11 06:30:10 --> Undefined variable $webDevCount
#0 D:\xampp\htdocs\Job\app\Views\Job\JobView.php(60): CodeIgniter\Debug\Exceptions->errorHandler()
#1 D:\xampp\htdocs\Job\system\View\View.php(210): include('...')
#2 D:\xampp\htdocs\Job\system\View\View.php(213): CodeIgniter\View\View->{closure:CodeIgniter\View\View::render():207}()
#3 D:\xampp\htdocs\Job\system\Common.php(1089): CodeIgniter\View\View->render()
#4 D:\xampp\htdocs\Job\app\Controllers\Home.php(9): view()
#5 D:\xampp\htdocs\Job\system\CodeIgniter.php(825): App\Controllers\Home->index()
#6 D:\xampp\htdocs\Job\system\CodeIgniter.php(412): CodeIgniter\CodeIgniter->runController()
#7 D:\xampp\htdocs\Job\system\CodeIgniter.php(320): CodeIgniter\CodeIgniter->handleRequest()
#8 D:\xampp\htdocs\Job\public\index.php(37): CodeIgniter\CodeIgniter->run()
#9 D:\xampp\htdocs\Job\system\Commands\Server\rewrite.php(43): require_once('...')
#10 {main}
CRITICAL - 2025-06-11 06:30:10 --> Undefined variable $webDevCount
#0 D:\xampp\htdocs\Job\app\Views\Job\JobView.php(60): CodeIgniter\Debug\Exceptions->errorHandler()
#1 D:\xampp\htdocs\Job\system\View\View.php(210): include('...')
#2 D:\xampp\htdocs\Job\system\View\View.php(213): CodeIgniter\View\View->{closure:CodeIgniter\View\View::render():207}()
#3 D:\xampp\htdocs\Job\system\Common.php(1089): CodeIgniter\View\View->render()
#4 D:\xampp\htdocs\Job\app\Controllers\Home.php(9): view()
#5 D:\xampp\htdocs\Job\system\CodeIgniter.php(825): App\Controllers\Home->index()
#6 D:\xampp\htdocs\Job\system\CodeIgniter.php(412): CodeIgniter\CodeIgniter->runController()
#7 D:\xampp\htdocs\Job\system\CodeIgniter.php(320): CodeIgniter\CodeIgniter->handleRequest()
#8 D:\xampp\htdocs\Job\public\index.php(37): CodeIgniter\CodeIgniter->run()
#9 D:\xampp\htdocs\Job\system\Commands\Server\rewrite.php(43): require_once('...')
#10 {main}
CRITICAL - 2025-06-11 06:30:11 --> Undefined variable $webDevCount
#0 D:\xampp\htdocs\Job\app\Views\Job\JobView.php(60): CodeIgniter\Debug\Exceptions->errorHandler()
#1 D:\xampp\htdocs\Job\system\View\View.php(210): include('...')
#2 D:\xampp\htdocs\Job\system\View\View.php(213): CodeIgniter\View\View->{closure:CodeIgniter\View\View::render():207}()
#3 D:\xampp\htdocs\Job\system\Common.php(1089): CodeIgniter\View\View->render()
#4 D:\xampp\htdocs\Job\app\Controllers\Home.php(9): view()
#5 D:\xampp\htdocs\Job\system\CodeIgniter.php(825): App\Controllers\Home->index()
#6 D:\xampp\htdocs\Job\system\CodeIgniter.php(412): CodeIgniter\CodeIgniter->runController()
#7 D:\xampp\htdocs\Job\system\CodeIgniter.php(320): CodeIgniter\CodeIgniter->handleRequest()
#8 D:\xampp\htdocs\Job\public\index.php(37): CodeIgniter\CodeIgniter->run()
#9 D:\xampp\htdocs\Job\system\Commands\Server\rewrite.php(43): require_once('...')
#10 {main}
CRITICAL - 2025-06-11 06:30:11 --> Undefined variable $webDevCount
#0 D:\xampp\htdocs\Job\app\Views\Job\JobView.php(60): CodeIgniter\Debug\Exceptions->errorHandler()
#1 D:\xampp\htdocs\Job\system\View\View.php(210): include('...')
#2 D:\xampp\htdocs\Job\system\View\View.php(213): CodeIgniter\View\View->{closure:CodeIgniter\View\View::render():207}()
#3 D:\xampp\htdocs\Job\system\Common.php(1089): CodeIgniter\View\View->render()
#4 D:\xampp\htdocs\Job\app\Controllers\Home.php(9): view()
#5 D:\xampp\htdocs\Job\system\CodeIgniter.php(825): App\Controllers\Home->index()
#6 D:\xampp\htdocs\Job\system\CodeIgniter.php(412): CodeIgniter\CodeIgniter->runController()
#7 D:\xampp\htdocs\Job\system\CodeIgniter.php(320): CodeIgniter\CodeIgniter->handleRequest()
#8 D:\xampp\htdocs\Job\public\index.php(37): CodeIgniter\CodeIgniter->run()
#9 D:\xampp\htdocs\Job\system\Commands\Server\rewrite.php(43): require_once('...')
#10 {main}
CRITICAL - 2025-06-11 06:30:11 --> Undefined variable $webDevCount
#0 D:\xampp\htdocs\Job\app\Views\Job\JobView.php(60): CodeIgniter\Debug\Exceptions->errorHandler()
#1 D:\xampp\htdocs\Job\system\View\View.php(210): include('...')
#2 D:\xampp\htdocs\Job\system\View\View.php(213): CodeIgniter\View\View->{closure:CodeIgniter\View\View::render():207}()
#3 D:\xampp\htdocs\Job\system\Common.php(1089): CodeIgniter\View\View->render()
#4 D:\xampp\htdocs\Job\app\Controllers\Home.php(9): view()
#5 D:\xampp\htdocs\Job\system\CodeIgniter.php(825): App\Controllers\Home->index()
#6 D:\xampp\htdocs\Job\system\CodeIgniter.php(412): CodeIgniter\CodeIgniter->runController()
#7 D:\xampp\htdocs\Job\system\CodeIgniter.php(320): CodeIgniter\CodeIgniter->handleRequest()
#8 D:\xampp\htdocs\Job\public\index.php(37): CodeIgniter\CodeIgniter->run()
#9 D:\xampp\htdocs\Job\system\Commands\Server\rewrite.php(43): require_once('...')
#10 {main}
CRITICAL - 2025-06-11 06:30:11 --> Undefined variable $webDevCount
#0 D:\xampp\htdocs\Job\app\Views\Job\JobView.php(60): CodeIgniter\Debug\Exceptions->errorHandler()
#1 D:\xampp\htdocs\Job\system\View\View.php(210): include('...')
#2 D:\xampp\htdocs\Job\system\View\View.php(213): CodeIgniter\View\View->{closure:CodeIgniter\View\View::render():207}()
#3 D:\xampp\htdocs\Job\system\Common.php(1089): CodeIgniter\View\View->render()
#4 D:\xampp\htdocs\Job\app\Controllers\Home.php(9): view()
#5 D:\xampp\htdocs\Job\system\CodeIgniter.php(825): App\Controllers\Home->index()
#6 D:\xampp\htdocs\Job\system\CodeIgniter.php(412): CodeIgniter\CodeIgniter->runController()
#7 D:\xampp\htdocs\Job\system\CodeIgniter.php(320): CodeIgniter\CodeIgniter->handleRequest()
#8 D:\xampp\htdocs\Job\public\index.php(37): CodeIgniter\CodeIgniter->run()
#9 D:\xampp\htdocs\Job\system\Commands\Server\rewrite.php(43): require_once('...')
#10 {main}
CRITICAL - 2025-06-11 06:30:11 --> Undefined variable $webDevCount
#0 D:\xampp\htdocs\Job\app\Views\Job\JobView.php(60): CodeIgniter\Debug\Exceptions->errorHandler()
#1 D:\xampp\htdocs\Job\system\View\View.php(210): include('...')
#2 D:\xampp\htdocs\Job\system\View\View.php(213): CodeIgniter\View\View->{closure:CodeIgniter\View\View::render():207}()
#3 D:\xampp\htdocs\Job\system\Common.php(1089): CodeIgniter\View\View->render()
#4 D:\xampp\htdocs\Job\app\Controllers\Home.php(9): view()
#5 D:\xampp\htdocs\Job\system\CodeIgniter.php(825): App\Controllers\Home->index()
#6 D:\xampp\htdocs\Job\system\CodeIgniter.php(412): CodeIgniter\CodeIgniter->runController()
#7 D:\xampp\htdocs\Job\system\CodeIgniter.php(320): CodeIgniter\CodeIgniter->handleRequest()
#8 D:\xampp\htdocs\Job\public\index.php(37): CodeIgniter\CodeIgniter->run()
#9 D:\xampp\htdocs\Job\system\Commands\Server\rewrite.php(43): require_once('...')
#10 {main}
CRITICAL - 2025-06-11 06:30:12 --> Undefined variable $webDevCount
#0 D:\xampp\htdocs\Job\app\Views\Job\JobView.php(60): CodeIgniter\Debug\Exceptions->errorHandler()
#1 D:\xampp\htdocs\Job\system\View\View.php(210): include('...')
#2 D:\xampp\htdocs\Job\system\View\View.php(213): CodeIgniter\View\View->{closure:CodeIgniter\View\View::render():207}()
#3 D:\xampp\htdocs\Job\system\Common.php(1089): CodeIgniter\View\View->render()
#4 D:\xampp\htdocs\Job\app\Controllers\Home.php(9): view()
#5 D:\xampp\htdocs\Job\system\CodeIgniter.php(825): App\Controllers\Home->index()
#6 D:\xampp\htdocs\Job\system\CodeIgniter.php(412): CodeIgniter\CodeIgniter->runController()
#7 D:\xampp\htdocs\Job\system\CodeIgniter.php(320): CodeIgniter\CodeIgniter->handleRequest()
#8 D:\xampp\htdocs\Job\public\index.php(37): CodeIgniter\CodeIgniter->run()
#9 D:\xampp\htdocs\Job\system\Commands\Server\rewrite.php(43): require_once('...')
#10 {main}
CRITICAL - 2025-06-11 06:30:12 --> Undefined variable $webDevCount
#0 D:\xampp\htdocs\Job\app\Views\Job\JobView.php(60): CodeIgniter\Debug\Exceptions->errorHandler()
#1 D:\xampp\htdocs\Job\system\View\View.php(210): include('...')
#2 D:\xampp\htdocs\Job\system\View\View.php(213): CodeIgniter\View\View->{closure:CodeIgniter\View\View::render():207}()
#3 D:\xampp\htdocs\Job\system\Common.php(1089): CodeIgniter\View\View->render()
#4 D:\xampp\htdocs\Job\app\Controllers\Home.php(9): view()
#5 D:\xampp\htdocs\Job\system\CodeIgniter.php(825): App\Controllers\Home->index()
#6 D:\xampp\htdocs\Job\system\CodeIgniter.php(412): CodeIgniter\CodeIgniter->runController()
#7 D:\xampp\htdocs\Job\system\CodeIgniter.php(320): CodeIgniter\CodeIgniter->handleRequest()
#8 D:\xampp\htdocs\Job\public\index.php(37): CodeIgniter\CodeIgniter->run()
#9 D:\xampp\htdocs\Job\system\Commands\Server\rewrite.php(43): require_once('...')
#10 {main}
CRITICAL - 2025-06-11 06:30:12 --> Undefined variable $webDevCount
#0 D:\xampp\htdocs\Job\app\Views\Job\JobView.php(60): CodeIgniter\Debug\Exceptions->errorHandler()
#1 D:\xampp\htdocs\Job\system\View\View.php(210): include('...')
#2 D:\xampp\htdocs\Job\system\View\View.php(213): CodeIgniter\View\View->{closure:CodeIgniter\View\View::render():207}()
#3 D:\xampp\htdocs\Job\system\Common.php(1089): CodeIgniter\View\View->render()
#4 D:\xampp\htdocs\Job\app\Controllers\Home.php(9): view()
#5 D:\xampp\htdocs\Job\system\CodeIgniter.php(825): App\Controllers\Home->index()
#6 D:\xampp\htdocs\Job\system\CodeIgniter.php(412): CodeIgniter\CodeIgniter->runController()
#7 D:\xampp\htdocs\Job\system\CodeIgniter.php(320): CodeIgniter\CodeIgniter->handleRequest()
#8 D:\xampp\htdocs\Job\public\index.php(37): CodeIgniter\CodeIgniter->run()
#9 D:\xampp\htdocs\Job\system\Commands\Server\rewrite.php(43): require_once('...')
#10 {main}
CRITICAL - 2025-06-11 06:30:12 --> Undefined variable $webDevCount
#0 D:\xampp\htdocs\Job\app\Views\Job\JobView.php(60): CodeIgniter\Debug\Exceptions->errorHandler()
#1 D:\xampp\htdocs\Job\system\View\View.php(210): include('...')
#2 D:\xampp\htdocs\Job\system\View\View.php(213): CodeIgniter\View\View->{closure:CodeIgniter\View\View::render():207}()
#3 D:\xampp\htdocs\Job\system\Common.php(1089): CodeIgniter\View\View->render()
#4 D:\xampp\htdocs\Job\app\Controllers\Home.php(9): view()
#5 D:\xampp\htdocs\Job\system\CodeIgniter.php(825): App\Controllers\Home->index()
#6 D:\xampp\htdocs\Job\system\CodeIgniter.php(412): CodeIgniter\CodeIgniter->runController()
#7 D:\xampp\htdocs\Job\system\CodeIgniter.php(320): CodeIgniter\CodeIgniter->handleRequest()
#8 D:\xampp\htdocs\Job\public\index.php(37): CodeIgniter\CodeIgniter->run()
#9 D:\xampp\htdocs\Job\system\Commands\Server\rewrite.php(43): require_once('...')
#10 {main}
CRITICAL - 2025-06-11 06:30:12 --> Undefined variable $webDevCount
#0 D:\xampp\htdocs\Job\app\Views\Job\JobView.php(60): CodeIgniter\Debug\Exceptions->errorHandler()
#1 D:\xampp\htdocs\Job\system\View\View.php(210): include('...')
#2 D:\xampp\htdocs\Job\system\View\View.php(213): CodeIgniter\View\View->{closure:CodeIgniter\View\View::render():207}()
#3 D:\xampp\htdocs\Job\system\Common.php(1089): CodeIgniter\View\View->render()
#4 D:\xampp\htdocs\Job\app\Controllers\Home.php(9): view()
#5 D:\xampp\htdocs\Job\system\CodeIgniter.php(825): App\Controllers\Home->index()
#6 D:\xampp\htdocs\Job\system\CodeIgniter.php(412): CodeIgniter\CodeIgniter->runController()
#7 D:\xampp\htdocs\Job\system\CodeIgniter.php(320): CodeIgniter\CodeIgniter->handleRequest()
#8 D:\xampp\htdocs\Job\public\index.php(37): CodeIgniter\CodeIgniter->run()
#9 D:\xampp\htdocs\Job\system\Commands\Server\rewrite.php(43): require_once('...')
#10 {main}
CRITICAL - 2025-06-11 06:30:13 --> Undefined variable $webDevCount
#0 D:\xampp\htdocs\Job\app\Views\Job\JobView.php(60): CodeIgniter\Debug\Exceptions->errorHandler()
#1 D:\xampp\htdocs\Job\system\View\View.php(210): include('...')
#2 D:\xampp\htdocs\Job\system\View\View.php(213): CodeIgniter\View\View->{closure:CodeIgniter\View\View::render():207}()
#3 D:\xampp\htdocs\Job\system\Common.php(1089): CodeIgniter\View\View->render()
#4 D:\xampp\htdocs\Job\app\Controllers\Home.php(9): view()
#5 D:\xampp\htdocs\Job\system\CodeIgniter.php(825): App\Controllers\Home->index()
#6 D:\xampp\htdocs\Job\system\CodeIgniter.php(412): CodeIgniter\CodeIgniter->runController()
#7 D:\xampp\htdocs\Job\system\CodeIgniter.php(320): CodeIgniter\CodeIgniter->handleRequest()
#8 D:\xampp\htdocs\Job\public\index.php(37): CodeIgniter\CodeIgniter->run()
#9 D:\xampp\htdocs\Job\system\Commands\Server\rewrite.php(43): require_once('...')
#10 {main}
CRITICAL - 2025-06-11 06:30:13 --> Undefined variable $webDevCount
#0 D:\xampp\htdocs\Job\app\Views\Job\JobView.php(60): CodeIgniter\Debug\Exceptions->errorHandler()
#1 D:\xampp\htdocs\Job\system\View\View.php(210): include('...')
#2 D:\xampp\htdocs\Job\system\View\View.php(213): CodeIgniter\View\View->{closure:CodeIgniter\View\View::render():207}()
#3 D:\xampp\htdocs\Job\system\Common.php(1089): CodeIgniter\View\View->render()
#4 D:\xampp\htdocs\Job\app\Controllers\Home.php(9): view()
#5 D:\xampp\htdocs\Job\system\CodeIgniter.php(825): App\Controllers\Home->index()
#6 D:\xampp\htdocs\Job\system\CodeIgniter.php(412): CodeIgniter\CodeIgniter->runController()
#7 D:\xampp\htdocs\Job\system\CodeIgniter.php(320): CodeIgniter\CodeIgniter->handleRequest()
#8 D:\xampp\htdocs\Job\public\index.php(37): CodeIgniter\CodeIgniter->run()
#9 D:\xampp\htdocs\Job\system\Commands\Server\rewrite.php(43): require_once('...')
#10 {main}
CRITICAL - 2025-06-11 06:30:13 --> Undefined variable $webDevCount
#0 D:\xampp\htdocs\Job\app\Views\Job\JobView.php(60): CodeIgniter\Debug\Exceptions->errorHandler()
#1 D:\xampp\htdocs\Job\system\View\View.php(210): include('...')
#2 D:\xampp\htdocs\Job\system\View\View.php(213): CodeIgniter\View\View->{closure:CodeIgniter\View\View::render():207}()
#3 D:\xampp\htdocs\Job\system\Common.php(1089): CodeIgniter\View\View->render()
#4 D:\xampp\htdocs\Job\app\Controllers\Home.php(9): view()
#5 D:\xampp\htdocs\Job\system\CodeIgniter.php(825): App\Controllers\Home->index()
#6 D:\xampp\htdocs\Job\system\CodeIgniter.php(412): CodeIgniter\CodeIgniter->runController()
#7 D:\xampp\htdocs\Job\system\CodeIgniter.php(320): CodeIgniter\CodeIgniter->handleRequest()
#8 D:\xampp\htdocs\Job\public\index.php(37): CodeIgniter\CodeIgniter->run()
#9 D:\xampp\htdocs\Job\system\Commands\Server\rewrite.php(43): require_once('...')
#10 {main}
CRITICAL - 2025-06-11 06:30:13 --> Undefined variable $webDevCount
#0 D:\xampp\htdocs\Job\app\Views\Job\JobView.php(60): CodeIgniter\Debug\Exceptions->errorHandler()
#1 D:\xampp\htdocs\Job\system\View\View.php(210): include('...')
#2 D:\xampp\htdocs\Job\system\View\View.php(213): CodeIgniter\View\View->{closure:CodeIgniter\View\View::render():207}()
#3 D:\xampp\htdocs\Job\system\Common.php(1089): CodeIgniter\View\View->render()
#4 D:\xampp\htdocs\Job\app\Controllers\Home.php(9): view()
#5 D:\xampp\htdocs\Job\system\CodeIgniter.php(825): App\Controllers\Home->index()
#6 D:\xampp\htdocs\Job\system\CodeIgniter.php(412): CodeIgniter\CodeIgniter->runController()
#7 D:\xampp\htdocs\Job\system\CodeIgniter.php(320): CodeIgniter\CodeIgniter->handleRequest()
#8 D:\xampp\htdocs\Job\public\index.php(37): CodeIgniter\CodeIgniter->run()
#9 D:\xampp\htdocs\Job\system\Commands\Server\rewrite.php(43): require_once('...')
#10 {main}
CRITICAL - 2025-06-11 06:30:13 --> Undefined variable $webDevCount
#0 D:\xampp\htdocs\Job\app\Views\Job\JobView.php(60): CodeIgniter\Debug\Exceptions->errorHandler()
#1 D:\xampp\htdocs\Job\system\View\View.php(210): include('...')
#2 D:\xampp\htdocs\Job\system\View\View.php(213): CodeIgniter\View\View->{closure:CodeIgniter\View\View::render():207}()
#3 D:\xampp\htdocs\Job\system\Common.php(1089): CodeIgniter\View\View->render()
#4 D:\xampp\htdocs\Job\app\Controllers\Home.php(9): view()
#5 D:\xampp\htdocs\Job\system\CodeIgniter.php(825): App\Controllers\Home->index()
#6 D:\xampp\htdocs\Job\system\CodeIgniter.php(412): CodeIgniter\CodeIgniter->runController()
#7 D:\xampp\htdocs\Job\system\CodeIgniter.php(320): CodeIgniter\CodeIgniter->handleRequest()
#8 D:\xampp\htdocs\Job\public\index.php(37): CodeIgniter\CodeIgniter->run()
#9 D:\xampp\htdocs\Job\system\Commands\Server\rewrite.php(43): require_once('...')
#10 {main}
CRITICAL - 2025-06-11 06:30:14 --> Undefined variable $webDevCount
#0 D:\xampp\htdocs\Job\app\Views\Job\JobView.php(60): CodeIgniter\Debug\Exceptions->errorHandler()
#1 D:\xampp\htdocs\Job\system\View\View.php(210): include('...')
#2 D:\xampp\htdocs\Job\system\View\View.php(213): CodeIgniter\View\View->{closure:CodeIgniter\View\View::render():207}()
#3 D:\xampp\htdocs\Job\system\Common.php(1089): CodeIgniter\View\View->render()
#4 D:\xampp\htdocs\Job\app\Controllers\Home.php(9): view()
#5 D:\xampp\htdocs\Job\system\CodeIgniter.php(825): App\Controllers\Home->index()
#6 D:\xampp\htdocs\Job\system\CodeIgniter.php(412): CodeIgniter\CodeIgniter->runController()
#7 D:\xampp\htdocs\Job\system\CodeIgniter.php(320): CodeIgniter\CodeIgniter->handleRequest()
#8 D:\xampp\htdocs\Job\public\index.php(37): CodeIgniter\CodeIgniter->run()
#9 D:\xampp\htdocs\Job\system\Commands\Server\rewrite.php(43): require_once('...')
#10 {main}
CRITICAL - 2025-06-11 06:30:14 --> Undefined variable $webDevCount
#0 D:\xampp\htdocs\Job\app\Views\Job\JobView.php(60): CodeIgniter\Debug\Exceptions->errorHandler()
#1 D:\xampp\htdocs\Job\system\View\View.php(210): include('...')
#2 D:\xampp\htdocs\Job\system\View\View.php(213): CodeIgniter\View\View->{closure:CodeIgniter\View\View::render():207}()
#3 D:\xampp\htdocs\Job\system\Common.php(1089): CodeIgniter\View\View->render()
#4 D:\xampp\htdocs\Job\app\Controllers\Home.php(9): view()
#5 D:\xampp\htdocs\Job\system\CodeIgniter.php(825): App\Controllers\Home->index()
#6 D:\xampp\htdocs\Job\system\CodeIgniter.php(412): CodeIgniter\CodeIgniter->runController()
#7 D:\xampp\htdocs\Job\system\CodeIgniter.php(320): CodeIgniter\CodeIgniter->handleRequest()
#8 D:\xampp\htdocs\Job\public\index.php(37): CodeIgniter\CodeIgniter->run()
#9 D:\xampp\htdocs\Job\system\Commands\Server\rewrite.php(43): require_once('...')
#10 {main}
CRITICAL - 2025-06-11 06:30:14 --> Undefined variable $webDevCount
#0 D:\xampp\htdocs\Job\app\Views\Job\JobView.php(60): CodeIgniter\Debug\Exceptions->errorHandler()
#1 D:\xampp\htdocs\Job\system\View\View.php(210): include('...')
#2 D:\xampp\htdocs\Job\system\View\View.php(213): CodeIgniter\View\View->{closure:CodeIgniter\View\View::render():207}()
#3 D:\xampp\htdocs\Job\system\Common.php(1089): CodeIgniter\View\View->render()
#4 D:\xampp\htdocs\Job\app\Controllers\Home.php(9): view()
#5 D:\xampp\htdocs\Job\system\CodeIgniter.php(825): App\Controllers\Home->index()
#6 D:\xampp\htdocs\Job\system\CodeIgniter.php(412): CodeIgniter\CodeIgniter->runController()
#7 D:\xampp\htdocs\Job\system\CodeIgniter.php(320): CodeIgniter\CodeIgniter->handleRequest()
#8 D:\xampp\htdocs\Job\public\index.php(37): CodeIgniter\CodeIgniter->run()
#9 D:\xampp\htdocs\Job\system\Commands\Server\rewrite.php(43): require_once('...')
#10 {main}
CRITICAL - 2025-06-11 06:30:14 --> Undefined variable $webDevCount
#0 D:\xampp\htdocs\Job\app\Views\Job\JobView.php(60): CodeIgniter\Debug\Exceptions->errorHandler()
#1 D:\xampp\htdocs\Job\system\View\View.php(210): include('...')
#2 D:\xampp\htdocs\Job\system\View\View.php(213): CodeIgniter\View\View->{closure:CodeIgniter\View\View::render():207}()
#3 D:\xampp\htdocs\Job\system\Common.php(1089): CodeIgniter\View\View->render()
#4 D:\xampp\htdocs\Job\app\Controllers\Home.php(9): view()
#5 D:\xampp\htdocs\Job\system\CodeIgniter.php(825): App\Controllers\Home->index()
#6 D:\xampp\htdocs\Job\system\CodeIgniter.php(412): CodeIgniter\CodeIgniter->runController()
#7 D:\xampp\htdocs\Job\system\CodeIgniter.php(320): CodeIgniter\CodeIgniter->handleRequest()
#8 D:\xampp\htdocs\Job\public\index.php(37): CodeIgniter\CodeIgniter->run()
#9 D:\xampp\htdocs\Job\system\Commands\Server\rewrite.php(43): require_once('...')
#10 {main}
CRITICAL - 2025-06-11 06:30:14 --> Undefined variable $webDevCount
#0 D:\xampp\htdocs\Job\app\Views\Job\JobView.php(60): CodeIgniter\Debug\Exceptions->errorHandler()
#1 D:\xampp\htdocs\Job\system\View\View.php(210): include('...')
#2 D:\xampp\htdocs\Job\system\View\View.php(213): CodeIgniter\View\View->{closure:CodeIgniter\View\View::render():207}()
#3 D:\xampp\htdocs\Job\system\Common.php(1089): CodeIgniter\View\View->render()
#4 D:\xampp\htdocs\Job\app\Controllers\Home.php(9): view()
#5 D:\xampp\htdocs\Job\system\CodeIgniter.php(825): App\Controllers\Home->index()
#6 D:\xampp\htdocs\Job\system\CodeIgniter.php(412): CodeIgniter\CodeIgniter->runController()
#7 D:\xampp\htdocs\Job\system\CodeIgniter.php(320): CodeIgniter\CodeIgniter->handleRequest()
#8 D:\xampp\htdocs\Job\public\index.php(37): CodeIgniter\CodeIgniter->run()
#9 D:\xampp\htdocs\Job\system\Commands\Server\rewrite.php(43): require_once('...')
#10 {main}
CRITICAL - 2025-06-11 06:30:34 --> Undefined variable $companyCount
#0 D:\xampp\htdocs\Job\app\Views\Job\JobView.php(83): CodeIgniter\Debug\Exceptions->errorHandler()
#1 D:\xampp\htdocs\Job\system\View\View.php(210): include('...')
#2 D:\xampp\htdocs\Job\system\View\View.php(213): CodeIgniter\View\View->{closure:CodeIgniter\View\View::render():207}()
#3 D:\xampp\htdocs\Job\system\Common.php(1089): CodeIgniter\View\View->render()
#4 D:\xampp\htdocs\Job\app\Controllers\Home.php(9): view()
#5 D:\xampp\htdocs\Job\system\CodeIgniter.php(825): App\Controllers\Home->index()
#6 D:\xampp\htdocs\Job\system\CodeIgniter.php(412): CodeIgniter\CodeIgniter->runController()
#7 D:\xampp\htdocs\Job\system\CodeIgniter.php(320): CodeIgniter\CodeIgniter->handleRequest()
#8 D:\xampp\htdocs\Job\public\index.php(37): CodeIgniter\CodeIgniter->run()
#9 D:\xampp\htdocs\Job\system\Commands\Server\rewrite.php(43): require_once('...')
#10 {main}
CRITICAL - 2025-06-11 06:30:37 --> Undefined variable $companyCount
#0 D:\xampp\htdocs\Job\app\Views\Job\JobView.php(83): CodeIgniter\Debug\Exceptions->errorHandler()
#1 D:\xampp\htdocs\Job\system\View\View.php(210): include('...')
#2 D:\xampp\htdocs\Job\system\View\View.php(213): CodeIgniter\View\View->{closure:CodeIgniter\View\View::render():207}()
#3 D:\xampp\htdocs\Job\system\Common.php(1089): CodeIgniter\View\View->render()
#4 D:\xampp\htdocs\Job\app\Controllers\Home.php(9): view()
#5 D:\xampp\htdocs\Job\system\CodeIgniter.php(825): App\Controllers\Home->index()
#6 D:\xampp\htdocs\Job\system\CodeIgniter.php(412): CodeIgniter\CodeIgniter->runController()
#7 D:\xampp\htdocs\Job\system\CodeIgniter.php(320): CodeIgniter\CodeIgniter->handleRequest()
#8 D:\xampp\htdocs\Job\public\index.php(37): CodeIgniter\CodeIgniter->run()
#9 D:\xampp\htdocs\Job\system\Commands\Server\rewrite.php(43): require_once('...')
#10 {main}
CRITICAL - 2025-06-11 06:38:43 --> There is no data to update.
#0 D:\xampp\htdocs\Job\system\BaseModel.php(846): CodeIgniter\Database\Exceptions\DataException::forEmptyDataset()
#1 D:\xampp\htdocs\Job\system\Model.php(651): CodeIgniter\BaseModel->update()
#2 D:\xampp\htdocs\Job\app\Controllers\CompanyDashboard.php(195): CodeIgniter\Model->update()
#3 D:\xampp\htdocs\Job\system\CodeIgniter.php(825): App\Controllers\CompanyDashboard->call_interview()
#4 D:\xampp\htdocs\Job\system\CodeIgniter.php(412): CodeIgniter\CodeIgniter->runController()
#5 D:\xampp\htdocs\Job\system\CodeIgniter.php(320): CodeIgniter\CodeIgniter->handleRequest()
#6 D:\xampp\htdocs\Job\public\index.php(37): CodeIgniter\CodeIgniter->run()
#7 D:\xampp\htdocs\Job\system\Commands\Server\rewrite.php(43): require_once('...')
#8 {main}
CRITICAL - 2025-06-11 06:39:36 --> There is no data to update.
#0 D:\xampp\htdocs\Job\system\BaseModel.php(846): CodeIgniter\Database\Exceptions\DataException::forEmptyDataset()
#1 D:\xampp\htdocs\Job\system\Model.php(651): CodeIgniter\BaseModel->update()
#2 D:\xampp\htdocs\Job\app\Controllers\CompanyDashboard.php(195): CodeIgniter\Model->update()
#3 D:\xampp\htdocs\Job\system\CodeIgniter.php(825): App\Controllers\CompanyDashboard->call_interview()
#4 D:\xampp\htdocs\Job\system\CodeIgniter.php(412): CodeIgniter\CodeIgniter->runController()
#5 D:\xampp\htdocs\Job\system\CodeIgniter.php(320): CodeIgniter\CodeIgniter->handleRequest()
#6 D:\xampp\htdocs\Job\public\index.php(37): CodeIgniter\CodeIgniter->run()
#7 D:\xampp\htdocs\Job\system\Commands\Server\rewrite.php(43): require_once('...')
#8 {main}
CRITICAL - 2025-06-11 06:39:42 --> There is no data to update.
#0 D:\xampp\htdocs\Job\system\BaseModel.php(846): CodeIgniter\Database\Exceptions\DataException::forEmptyDataset()
#1 D:\xampp\htdocs\Job\system\Model.php(651): CodeIgniter\BaseModel->update()
#2 D:\xampp\htdocs\Job\app\Controllers\CompanyDashboard.php(195): CodeIgniter\Model->update()
#3 D:\xampp\htdocs\Job\system\CodeIgniter.php(825): App\Controllers\CompanyDashboard->call_interview()
#4 D:\xampp\htdocs\Job\system\CodeIgniter.php(412): CodeIgniter\CodeIgniter->runController()
#5 D:\xampp\htdocs\Job\system\CodeIgniter.php(320): CodeIgniter\CodeIgniter->handleRequest()
#6 D:\xampp\htdocs\Job\public\index.php(37): CodeIgniter\CodeIgniter->run()
#7 D:\xampp\htdocs\Job\system\Commands\Server\rewrite.php(43): require_once('...')
#8 {main}
CRITICAL - 2025-06-11 06:41:09 --> There is no data to update.
#0 D:\xampp\htdocs\Job\system\BaseModel.php(846): CodeIgniter\Database\Exceptions\DataException::forEmptyDataset()
#1 D:\xampp\htdocs\Job\system\Model.php(651): CodeIgniter\BaseModel->update()
#2 D:\xampp\htdocs\Job\app\Controllers\CompanyDashboard.php(195): CodeIgniter\Model->update()
#3 D:\xampp\htdocs\Job\system\CodeIgniter.php(825): App\Controllers\CompanyDashboard->call_interview()
#4 D:\xampp\htdocs\Job\system\CodeIgniter.php(412): CodeIgniter\CodeIgniter->runController()
#5 D:\xampp\htdocs\Job\system\CodeIgniter.php(320): CodeIgniter\CodeIgniter->handleRequest()
#6 D:\xampp\htdocs\Job\public\index.php(37): CodeIgniter\CodeIgniter->run()
#7 D:\xampp\htdocs\Job\system\Commands\Server\rewrite.php(43): require_once('...')
#8 {main}
CRITICAL - 2025-06-11 06:43:38 --> There is no data to update.
#0 D:\xampp\htdocs\Job\system\BaseModel.php(846): CodeIgniter\Database\Exceptions\DataException::forEmptyDataset()
#1 D:\xampp\htdocs\Job\system\Model.php(651): CodeIgniter\BaseModel->update()
#2 D:\xampp\htdocs\Job\app\Controllers\CompanyDashboard.php(200): CodeIgniter\Model->update()
#3 D:\xampp\htdocs\Job\system\CodeIgniter.php(825): App\Controllers\CompanyDashboard->call_interview()
#4 D:\xampp\htdocs\Job\system\CodeIgniter.php(412): CodeIgniter\CodeIgniter->runController()
#5 D:\xampp\htdocs\Job\system\CodeIgniter.php(320): CodeIgniter\CodeIgniter->handleRequest()
#6 D:\xampp\htdocs\Job\public\index.php(37): CodeIgniter\CodeIgniter->run()
#7 D:\xampp\htdocs\Job\system\Commands\Server\rewrite.php(43): require_once('...')
#8 {main}
CRITICAL - 2025-06-11 06:46:05 --> There is no data to update.
#0 D:\xampp\htdocs\Job\system\BaseModel.php(846): CodeIgniter\Database\Exceptions\DataException::forEmptyDataset()
#1 D:\xampp\htdocs\Job\system\Model.php(651): CodeIgniter\BaseModel->update()
#2 D:\xampp\htdocs\Job\app\Controllers\CompanyDashboard.php(200): CodeIgniter\Model->update()
#3 D:\xampp\htdocs\Job\system\CodeIgniter.php(825): App\Controllers\CompanyDashboard->call_interview()
#4 D:\xampp\htdocs\Job\system\CodeIgniter.php(412): CodeIgniter\CodeIgniter->runController()
#5 D:\xampp\htdocs\Job\system\CodeIgniter.php(320): CodeIgniter\CodeIgniter->handleRequest()
#6 D:\xampp\htdocs\Job\public\index.php(37): CodeIgniter\CodeIgniter->run()
#7 D:\xampp\htdocs\Job\system\Commands\Server\rewrite.php(43): require_once('...')
#8 {main}
CRITICAL - 2025-06-11 06:47:10 --> There is no data to update.
#0 D:\xampp\htdocs\Job\system\BaseModel.php(846): CodeIgniter\Database\Exceptions\DataException::forEmptyDataset()
#1 D:\xampp\htdocs\Job\system\Model.php(651): CodeIgniter\BaseModel->update()
#2 D:\xampp\htdocs\Job\app\Controllers\CompanyDashboard.php(196): CodeIgniter\Model->update()
#3 D:\xampp\htdocs\Job\system\CodeIgniter.php(825): App\Controllers\CompanyDashboard->call_interview()
#4 D:\xampp\htdocs\Job\system\CodeIgniter.php(412): CodeIgniter\CodeIgniter->runController()
#5 D:\xampp\htdocs\Job\system\CodeIgniter.php(320): CodeIgniter\CodeIgniter->handleRequest()
#6 D:\xampp\htdocs\Job\public\index.php(37): CodeIgniter\CodeIgniter->run()
#7 D:\xampp\htdocs\Job\system\Commands\Server\rewrite.php(43): require_once('...')
#8 {main}
ERROR - 2025-06-11 11:06:52 --> Unknown column 'job_desk.namaLowongan' in 'field list'
CRITICAL - 2025-06-11 11:06:52 --> Unknown column 'job_desk.namaLowongan' in 'field list'
#0 D:\xampp\htdocs\Job\system\Database\MySQLi\Connection.php(292): mysqli->query()
#1 D:\xampp\htdocs\Job\system\Database\BaseConnection.php(670): CodeIgniter\Database\MySQLi\Connection->execute()
#2 D:\xampp\htdocs\Job\system\Database\BaseConnection.php(598): CodeIgniter\Database\BaseConnection->simpleQuery()
#3 D:\xampp\htdocs\Job\system\Database\BaseBuilder.php(1455): CodeIgniter\Database\BaseConnection->query()
#4 D:\xampp\htdocs\Job\system\Model.php(183): CodeIgniter\Database\BaseBuilder->get()
#5 D:\xampp\htdocs\Job\system\BaseModel.php(584): CodeIgniter\Model->doFindAll()
#6 D:\xampp\htdocs\Job\app\Controllers\UserDashboard.php(211): CodeIgniter\BaseModel->findAll()
#7 D:\xampp\htdocs\Job\system\CodeIgniter.php(825): App\Controllers\UserDashboard->statusLamaran()
#8 D:\xampp\htdocs\Job\system\CodeIgniter.php(412): CodeIgniter\CodeIgniter->runController()
#9 D:\xampp\htdocs\Job\system\CodeIgniter.php(320): CodeIgniter\CodeIgniter->handleRequest()
#10 D:\xampp\htdocs\Job\public\index.php(37): CodeIgniter\CodeIgniter->run()
#11 D:\xampp\htdocs\Job\system\Commands\Server\rewrite.php(43): require_once('...')
#12 {main}
ERROR - 2025-06-11 11:07:48 --> Unknown column 'job_desk.nama_job' in 'field list'
CRITICAL - 2025-06-11 11:07:48 --> Unknown column 'job_desk.nama_job' in 'field list'
#0 D:\xampp\htdocs\Job\system\Database\MySQLi\Connection.php(292): mysqli->query()
#1 D:\xampp\htdocs\Job\system\Database\BaseConnection.php(670): CodeIgniter\Database\MySQLi\Connection->execute()
#2 D:\xampp\htdocs\Job\system\Database\BaseConnection.php(598): CodeIgniter\Database\BaseConnection->simpleQuery()
#3 D:\xampp\htdocs\Job\system\Database\BaseBuilder.php(1455): CodeIgniter\Database\BaseConnection->query()
#4 D:\xampp\htdocs\Job\system\Model.php(183): CodeIgniter\Database\BaseBuilder->get()
#5 D:\xampp\htdocs\Job\system\BaseModel.php(584): CodeIgniter\Model->doFindAll()
#6 D:\xampp\htdocs\Job\app\Controllers\UserDashboard.php(211): CodeIgniter\BaseModel->findAll()
#7 D:\xampp\htdocs\Job\system\CodeIgniter.php(825): App\Controllers\UserDashboard->statusLamaran()
#8 D:\xampp\htdocs\Job\system\CodeIgniter.php(412): CodeIgniter\CodeIgniter->runController()
#9 D:\xampp\htdocs\Job\system\CodeIgniter.php(320): CodeIgniter\CodeIgniter->handleRequest()
#10 D:\xampp\htdocs\Job\public\index.php(37): CodeIgniter\CodeIgniter->run()
#11 D:\xampp\htdocs\Job\system\Commands\Server\rewrite.php(43): require_once('...')
#12 {main}
ERROR - 2025-06-11 11:07:50 --> Unknown column 'job_desk.nama_job' in 'field list'
CRITICAL - 2025-06-11 11:07:50 --> Unknown column 'job_desk.nama_job' in 'field list'
#0 D:\xampp\htdocs\Job\system\Database\MySQLi\Connection.php(292): mysqli->query()
#1 D:\xampp\htdocs\Job\system\Database\BaseConnection.php(670): CodeIgniter\Database\MySQLi\Connection->execute()
#2 D:\xampp\htdocs\Job\system\Database\BaseConnection.php(598): CodeIgniter\Database\BaseConnection->simpleQuery()
#3 D:\xampp\htdocs\Job\system\Database\BaseBuilder.php(1455): CodeIgniter\Database\BaseConnection->query()
#4 D:\xampp\htdocs\Job\system\Model.php(183): CodeIgniter\Database\BaseBuilder->get()
#5 D:\xampp\htdocs\Job\system\BaseModel.php(584): CodeIgniter\Model->doFindAll()
#6 D:\xampp\htdocs\Job\app\Controllers\UserDashboard.php(211): CodeIgniter\BaseModel->findAll()
#7 D:\xampp\htdocs\Job\system\CodeIgniter.php(825): App\Controllers\UserDashboard->statusLamaran()
#8 D:\xampp\htdocs\Job\system\CodeIgniter.php(412): CodeIgniter\CodeIgniter->runController()
#9 D:\xampp\htdocs\Job\system\CodeIgniter.php(320): CodeIgniter\CodeIgniter->handleRequest()
#10 D:\xampp\htdocs\Job\public\index.php(37): CodeIgniter\CodeIgniter->run()
#11 D:\xampp\htdocs\Job\system\Commands\Server\rewrite.php(43): require_once('...')
#12 {main}
CRITICAL - 2025-06-11 11:09:30 --> Undefined array key "status"
#0 D:\xampp\htdocs\Job\app\Views\DashboardUser\ProfileUser\StatusLamaranView.php(23): CodeIgniter\Debug\Exceptions->errorHandler()
#1 D:\xampp\htdocs\Job\system\View\View.php(210): include('...')
#2 D:\xampp\htdocs\Job\system\View\View.php(213): CodeIgniter\View\View->{closure:CodeIgniter\View\View::render():207}()
#3 D:\xampp\htdocs\Job\system\Common.php(1089): CodeIgniter\View\View->render()
#4 D:\xampp\htdocs\Job\app\Controllers\UserDashboard.php(214): view()
#5 D:\xampp\htdocs\Job\system\CodeIgniter.php(825): App\Controllers\UserDashboard->statusLamaran()
#6 D:\xampp\htdocs\Job\system\CodeIgniter.php(412): CodeIgniter\CodeIgniter->runController()
#7 D:\xampp\htdocs\Job\system\CodeIgniter.php(320): CodeIgniter\CodeIgniter->handleRequest()
#8 D:\xampp\htdocs\Job\public\index.php(37): CodeIgniter\CodeIgniter->run()
#9 D:\xampp\htdocs\Job\system\Commands\Server\rewrite.php(43): require_once('...')
#10 {main}
CRITICAL - 2025-06-11 11:14:02 --> There is no data to update.
#0 D:\xampp\htdocs\Job\system\BaseModel.php(846): CodeIgniter\Database\Exceptions\DataException::forEmptyDataset()
#1 D:\xampp\htdocs\Job\system\Model.php(651): CodeIgniter\BaseModel->update()
#2 D:\xampp\htdocs\Job\app\Controllers\DashboardCompany.php(15): CodeIgniter\Model->update()
#3 D:\xampp\htdocs\Job\system\CodeIgniter.php(825): App\Controllers\DashboardCompany->call_interview()
#4 D:\xampp\htdocs\Job\system\CodeIgniter.php(412): CodeIgniter\CodeIgniter->runController()
#5 D:\xampp\htdocs\Job\system\CodeIgniter.php(320): CodeIgniter\CodeIgniter->handleRequest()
#6 D:\xampp\htdocs\Job\public\index.php(37): CodeIgniter\CodeIgniter->run()
#7 D:\xampp\htdocs\Job\system\Commands\Server\rewrite.php(43): require_once('...')
#8 {main}
CRITICAL - 2025-06-11 11:16:43 --> There is no data to update.
#0 D:\xampp\htdocs\Job\system\BaseModel.php(846): CodeIgniter\Database\Exceptions\DataException::forEmptyDataset()
#1 D:\xampp\htdocs\Job\system\Model.php(651): CodeIgniter\BaseModel->update()
#2 D:\xampp\htdocs\Job\app\Controllers\DashboardCompany.php(15): CodeIgniter\Model->update()
#3 D:\xampp\htdocs\Job\system\CodeIgniter.php(825): App\Controllers\DashboardCompany->call_interview()
#4 D:\xampp\htdocs\Job\system\CodeIgniter.php(412): CodeIgniter\CodeIgniter->runController()
#5 D:\xampp\htdocs\Job\system\CodeIgniter.php(320): CodeIgniter\CodeIgniter->handleRequest()
#6 D:\xampp\htdocs\Job\public\index.php(37): CodeIgniter\CodeIgniter->run()
#7 D:\xampp\htdocs\Job\system\Commands\Server\rewrite.php(43): require_once('...')
#8 {main}
CRITICAL - 2025-06-11 11:16:53 --> There is no data to update.
#0 D:\xampp\htdocs\Job\system\BaseModel.php(846): CodeIgniter\Database\Exceptions\DataException::forEmptyDataset()
#1 D:\xampp\htdocs\Job\system\Model.php(651): CodeIgniter\BaseModel->update()
#2 D:\xampp\htdocs\Job\app\Controllers\DashboardCompany.php(38): CodeIgniter\Model->update()
#3 D:\xampp\htdocs\Job\system\CodeIgniter.php(825): App\Controllers\DashboardCompany->accept_pelamar()
#4 D:\xampp\htdocs\Job\system\CodeIgniter.php(412): CodeIgniter\CodeIgniter->runController()
#5 D:\xampp\htdocs\Job\system\CodeIgniter.php(320): CodeIgniter\CodeIgniter->handleRequest()
#6 D:\xampp\htdocs\Job\public\index.php(37): CodeIgniter\CodeIgniter->run()
#7 D:\xampp\htdocs\Job\system\Commands\Server\rewrite.php(43): require_once('...')
#8 {main}
CRITICAL - 2025-06-11 11:17:40 --> There is no data to update.
#0 D:\xampp\htdocs\Job\system\BaseModel.php(846): CodeIgniter\Database\Exceptions\DataException::forEmptyDataset()
#1 D:\xampp\htdocs\Job\system\Model.php(651): CodeIgniter\BaseModel->update()
#2 D:\xampp\htdocs\Job\app\Controllers\DashboardCompany.php(38): CodeIgniter\Model->update()
#3 D:\xampp\htdocs\Job\system\CodeIgniter.php(825): App\Controllers\DashboardCompany->accept_pelamar()
#4 D:\xampp\htdocs\Job\system\CodeIgniter.php(412): CodeIgniter\CodeIgniter->runController()
#5 D:\xampp\htdocs\Job\system\CodeIgniter.php(320): CodeIgniter\CodeIgniter->handleRequest()
#6 D:\xampp\htdocs\Job\public\index.php(37): CodeIgniter\CodeIgniter->run()
#7 D:\xampp\htdocs\Job\system\Commands\Server\rewrite.php(43): require_once('...')
#8 {main}
CRITICAL - 2025-06-11 11:17:53 --> There is no data to update.
#0 D:\xampp\htdocs\Job\system\BaseModel.php(846): CodeIgniter\Database\Exceptions\DataException::forEmptyDataset()
#1 D:\xampp\htdocs\Job\system\Model.php(651): CodeIgniter\BaseModel->update()
#2 D:\xampp\htdocs\Job\app\Controllers\DashboardCompany.php(15): CodeIgniter\Model->update()
#3 D:\xampp\htdocs\Job\system\CodeIgniter.php(825): App\Controllers\DashboardCompany->call_interview()
#4 D:\xampp\htdocs\Job\system\CodeIgniter.php(412): CodeIgniter\CodeIgniter->runController()
#5 D:\xampp\htdocs\Job\system\CodeIgniter.php(320): CodeIgniter\CodeIgniter->handleRequest()
#6 D:\xampp\htdocs\Job\public\index.php(37): CodeIgniter\CodeIgniter->run()
#7 D:\xampp\htdocs\Job\system\Commands\Server\rewrite.php(43): require_once('...')
#8 {main}
CRITICAL - 2025-06-11 11:24:31 --> There is no data to update.
#0 D:\xampp\htdocs\Job\system\BaseModel.php(846): CodeIgniter\Database\Exceptions\DataException::forEmptyDataset()
#1 D:\xampp\htdocs\Job\system\Model.php(651): CodeIgniter\BaseModel->update()
#2 D:\xampp\htdocs\Job\app\Controllers\DashboardCompany.php(15): CodeIgniter\Model->update()
#3 D:\xampp\htdocs\Job\system\CodeIgniter.php(825): App\Controllers\DashboardCompany->call_interview()
#4 D:\xampp\htdocs\Job\system\CodeIgniter.php(412): CodeIgniter\CodeIgniter->runController()
#5 D:\xampp\htdocs\Job\system\CodeIgniter.php(320): CodeIgniter\CodeIgniter->handleRequest()
#6 D:\xampp\htdocs\Job\public\index.php(37): CodeIgniter\CodeIgniter->run()
#7 D:\xampp\htdocs\Job\system\Commands\Server\rewrite.php(43): require_once('...')
#8 {main}
ERROR - 2025-06-11 11:29:56 --> Unknown column 'status' in 'field list'
CRITICAL - 2025-06-11 11:29:56 --> Unknown column 'status' in 'field list'
#0 D:\xampp\htdocs\Job\system\Database\MySQLi\Connection.php(292): mysqli->query()
#1 D:\xampp\htdocs\Job\system\Database\BaseConnection.php(670): CodeIgniter\Database\MySQLi\Connection->execute()
#2 D:\xampp\htdocs\Job\system\Database\BaseConnection.php(598): CodeIgniter\Database\BaseConnection->simpleQuery()
#3 D:\xampp\htdocs\Job\system\Database\BaseBuilder.php(1913): CodeIgniter\Database\BaseConnection->query()
#4 D:\xampp\htdocs\Job\system\Model.php(298): CodeIgniter\Database\BaseBuilder->update()
#5 D:\xampp\htdocs\Job\system\BaseModel.php(865): CodeIgniter\Model->doUpdate()
#6 D:\xampp\htdocs\Job\system\Model.php(651): CodeIgniter\BaseModel->update()
#7 D:\xampp\htdocs\Job\app\Controllers\DashboardCompany.php(15): CodeIgniter\Model->update()
#8 D:\xampp\htdocs\Job\system\CodeIgniter.php(825): App\Controllers\DashboardCompany->call_interview()
#9 D:\xampp\htdocs\Job\system\CodeIgniter.php(412): CodeIgniter\CodeIgniter->runController()
#10 D:\xampp\htdocs\Job\system\CodeIgniter.php(320): CodeIgniter\CodeIgniter->handleRequest()
#11 D:\xampp\htdocs\Job\public\index.php(37): CodeIgniter\CodeIgniter->run()
#12 D:\xampp\htdocs\Job\system\Commands\Server\rewrite.php(43): require_once('...')
#13 {main}
