CRITICAL - 2025-07-01 08:11:27 --> Undefined property: CodeIgniter\Autoloader\Autoloader::$request
#0 D:\xampp\htdocs\Job\app\Models\CompanyModel.php(27): CodeIgniter\Debug\Exceptions->errorHandler()
#1 D:\xampp\htdocs\Job\system\Autoloader\Autoloader.php(264): include_once('...')
#2 D:\xampp\htdocs\Job\system\Autoloader\Autoloader.php(241): CodeIgniter\Autoloader\Autoloader->includeFile()
#3 D:\xampp\htdocs\Job\system\Autoloader\Autoloader.php(219): CodeIgniter\Autoloader\Autoloader->loadInNamespace()
#4 D:\xampp\htdocs\Job\app\Controllers\LoginCompany.php(17): CodeIgniter\Autoloader\Autoloader->loadClass()
#5 D:\xampp\htdocs\Job\system\CodeIgniter.php(802): App\Controllers\LoginCompany->__construct()
#6 D:\xampp\htdocs\Job\system\CodeIgniter.php(403): CodeIgniter\CodeIgniter->createController()
#7 D:\xampp\htdocs\Job\system\CodeIgniter.php(320): CodeIgniter\CodeIgniter->handleRequest()
#8 D:\xampp\htdocs\Job\public\index.php(37): CodeIgniter\CodeIgniter->run()
#9 D:\xampp\htdocs\Job\system\Commands\Server\rewrite.php(43): require_once('...')
#10 {main}
CRITICAL - 2025-07-01 08:11:28 --> Undefined property: CodeIgniter\Autoloader\Autoloader::$request
#0 D:\xampp\htdocs\Job\app\Models\CompanyModel.php(27): CodeIgniter\Debug\Exceptions->errorHandler()
#1 D:\xampp\htdocs\Job\system\Autoloader\Autoloader.php(264): include_once('...')
#2 D:\xampp\htdocs\Job\system\Autoloader\Autoloader.php(241): CodeIgniter\Autoloader\Autoloader->includeFile()
#3 D:\xampp\htdocs\Job\system\Autoloader\Autoloader.php(219): CodeIgniter\Autoloader\Autoloader->loadInNamespace()
#4 D:\xampp\htdocs\Job\app\Controllers\LoginCompany.php(17): CodeIgniter\Autoloader\Autoloader->loadClass()
#5 D:\xampp\htdocs\Job\system\CodeIgniter.php(802): App\Controllers\LoginCompany->__construct()
#6 D:\xampp\htdocs\Job\system\CodeIgniter.php(403): CodeIgniter\CodeIgniter->createController()
#7 D:\xampp\htdocs\Job\system\CodeIgniter.php(320): CodeIgniter\CodeIgniter->handleRequest()
#8 D:\xampp\htdocs\Job\public\index.php(37): CodeIgniter\CodeIgniter->run()
#9 D:\xampp\htdocs\Job\system\Commands\Server\rewrite.php(43): require_once('...')
#10 {main}
CRITICAL - 2025-07-01 10:17:38 --> Trying to access array offset on null
#0 D:\xampp\htdocs\Job\app\Views\DashboardCompany\Navbar\Navbar.php(14): CodeIgniter\Debug\Exceptions->errorHandler()
#1 D:\xampp\htdocs\Job\system\View\View.php(210): include('...')
#2 D:\xampp\htdocs\Job\system\View\View.php(213): CodeIgniter\View\View->{closure:CodeIgniter\View\View::render():207}()
#3 D:\xampp\htdocs\Job\system\View\View.php(424): CodeIgniter\View\View->render()
#4 D:\xampp\htdocs\Job\app\Views\DashboardCompany\DashboardLayout.php(15): CodeIgniter\View\View->include()
#5 D:\xampp\htdocs\Job\system\View\View.php(210): include('...')
#6 D:\xampp\htdocs\Job\system\View\View.php(213): CodeIgniter\View\View->{closure:CodeIgniter\View\View::render():207}()
#7 D:\xampp\htdocs\Job\system\View\View.php(226): CodeIgniter\View\View->render()
#8 D:\xampp\htdocs\Job\system\Common.php(1089): CodeIgniter\View\View->render()
#9 D:\xampp\htdocs\Job\app\Controllers\CompanyDashboard.php(35): view()
#10 D:\xampp\htdocs\Job\system\CodeIgniter.php(825): App\Controllers\CompanyDashboard->index()
#11 D:\xampp\htdocs\Job\system\CodeIgniter.php(412): CodeIgniter\CodeIgniter->runController()
#12 D:\xampp\htdocs\Job\system\CodeIgniter.php(320): CodeIgniter\CodeIgniter->handleRequest()
#13 D:\xampp\htdocs\Job\public\index.php(37): CodeIgniter\CodeIgniter->run()
#14 D:\xampp\htdocs\Job\system\Commands\Server\rewrite.php(43): require_once('...')
#15 {main}
ERROR - 2025-07-01 10:29:12 --> Cannot add or update a child row: a foreign key constraint fails (`job_portal_db`.`job_desk`, CONSTRAINT `fk_id_company` FOREIGN KEY (`idCompany`) REFERENCES `company` (`idCompany`) ON UPDATE CASCADE)
CRITICAL - 2025-07-01 10:29:12 --> Cannot add or update a child row: a foreign key constraint fails (`job_portal_db`.`job_desk`, CONSTRAINT `fk_id_company` FOREIGN KEY (`idCompany`) REFERENCES `company` (`idCompany`) ON UPDATE CASCADE)
#0 D:\xampp\htdocs\Job\system\Database\MySQLi\Connection.php(292): mysqli->query()
#1 D:\xampp\htdocs\Job\system\Database\BaseConnection.php(670): CodeIgniter\Database\MySQLi\Connection->execute()
#2 D:\xampp\htdocs\Job\system\Database\BaseConnection.php(598): CodeIgniter\Database\BaseConnection->simpleQuery()
#3 D:\xampp\htdocs\Job\system\Database\BaseBuilder.php(1771): CodeIgniter\Database\BaseConnection->query()
#4 D:\xampp\htdocs\Job\system\Model.php(239): CodeIgniter\Database\BaseBuilder->insert()
#5 D:\xampp\htdocs\Job\system\BaseModel.php(738): CodeIgniter\Model->doInsert()
#6 D:\xampp\htdocs\Job\system\Model.php(625): CodeIgniter\BaseModel->insert()
#7 D:\xampp\htdocs\Job\app\Controllers\CompanyDashboard.php(166): CodeIgniter\Model->insert()
#8 D:\xampp\htdocs\Job\system\CodeIgniter.php(825): App\Controllers\CompanyDashboard->getLowongan()
#9 D:\xampp\htdocs\Job\system\CodeIgniter.php(412): CodeIgniter\CodeIgniter->runController()
#10 D:\xampp\htdocs\Job\system\CodeIgniter.php(320): CodeIgniter\CodeIgniter->handleRequest()
#11 D:\xampp\htdocs\Job\public\index.php(37): CodeIgniter\CodeIgniter->run()
#12 D:\xampp\htdocs\Job\system\Commands\Server\rewrite.php(43): require_once('...')
#13 {main}
ERROR - 2025-07-01 10:33:56 --> Column 'idCompany' cannot be null
CRITICAL - 2025-07-01 10:33:56 --> Column 'idCompany' cannot be null
#0 D:\xampp\htdocs\Job\system\Database\MySQLi\Connection.php(292): mysqli->query()
#1 D:\xampp\htdocs\Job\system\Database\BaseConnection.php(670): CodeIgniter\Database\MySQLi\Connection->execute()
#2 D:\xampp\htdocs\Job\system\Database\BaseConnection.php(598): CodeIgniter\Database\BaseConnection->simpleQuery()
#3 D:\xampp\htdocs\Job\system\Database\BaseBuilder.php(1771): CodeIgniter\Database\BaseConnection->query()
#4 D:\xampp\htdocs\Job\system\Model.php(239): CodeIgniter\Database\BaseBuilder->insert()
#5 D:\xampp\htdocs\Job\system\BaseModel.php(738): CodeIgniter\Model->doInsert()
#6 D:\xampp\htdocs\Job\system\Model.php(625): CodeIgniter\BaseModel->insert()
#7 D:\xampp\htdocs\Job\app\Controllers\CompanyDashboard.php(166): CodeIgniter\Model->insert()
#8 D:\xampp\htdocs\Job\system\CodeIgniter.php(825): App\Controllers\CompanyDashboard->getLowongan()
#9 D:\xampp\htdocs\Job\system\CodeIgniter.php(412): CodeIgniter\CodeIgniter->runController()
#10 D:\xampp\htdocs\Job\system\CodeIgniter.php(320): CodeIgniter\CodeIgniter->handleRequest()
#11 D:\xampp\htdocs\Job\public\index.php(37): CodeIgniter\CodeIgniter->run()
#12 D:\xampp\htdocs\Job\system\Commands\Server\rewrite.php(43): require_once('...')
#13 {main}
ERROR - 2025-07-01 10:36:40 --> Column 'idCompany' cannot be null
CRITICAL - 2025-07-01 10:36:40 --> Column 'idCompany' cannot be null
#0 D:\xampp\htdocs\Job\system\Database\MySQLi\Connection.php(292): mysqli->query()
#1 D:\xampp\htdocs\Job\system\Database\BaseConnection.php(670): CodeIgniter\Database\MySQLi\Connection->execute()
#2 D:\xampp\htdocs\Job\system\Database\BaseConnection.php(598): CodeIgniter\Database\BaseConnection->simpleQuery()
#3 D:\xampp\htdocs\Job\system\Database\BaseBuilder.php(1771): CodeIgniter\Database\BaseConnection->query()
#4 D:\xampp\htdocs\Job\system\Model.php(239): CodeIgniter\Database\BaseBuilder->insert()
#5 D:\xampp\htdocs\Job\system\BaseModel.php(738): CodeIgniter\Model->doInsert()
#6 D:\xampp\htdocs\Job\system\Model.php(625): CodeIgniter\BaseModel->insert()
#7 D:\xampp\htdocs\Job\app\Controllers\CompanyDashboard.php(166): CodeIgniter\Model->insert()
#8 D:\xampp\htdocs\Job\system\CodeIgniter.php(825): App\Controllers\CompanyDashboard->getLowongan()
#9 D:\xampp\htdocs\Job\system\CodeIgniter.php(412): CodeIgniter\CodeIgniter->runController()
#10 D:\xampp\htdocs\Job\system\CodeIgniter.php(320): CodeIgniter\CodeIgniter->handleRequest()
#11 D:\xampp\htdocs\Job\public\index.php(37): CodeIgniter\CodeIgniter->run()
#12 D:\xampp\htdocs\Job\system\Commands\Server\rewrite.php(43): require_once('...')
#13 {main}
ERROR - 2025-07-01 10:41:03 --> Column 'idCompany' cannot be null
CRITICAL - 2025-07-01 10:41:03 --> Column 'idCompany' cannot be null
#0 D:\xampp\htdocs\Job\system\Database\MySQLi\Connection.php(292): mysqli->query()
#1 D:\xampp\htdocs\Job\system\Database\BaseConnection.php(670): CodeIgniter\Database\MySQLi\Connection->execute()
#2 D:\xampp\htdocs\Job\system\Database\BaseConnection.php(598): CodeIgniter\Database\BaseConnection->simpleQuery()
#3 D:\xampp\htdocs\Job\system\Database\BaseBuilder.php(1771): CodeIgniter\Database\BaseConnection->query()
#4 D:\xampp\htdocs\Job\system\Model.php(239): CodeIgniter\Database\BaseBuilder->insert()
#5 D:\xampp\htdocs\Job\system\BaseModel.php(738): CodeIgniter\Model->doInsert()
#6 D:\xampp\htdocs\Job\system\Model.php(625): CodeIgniter\BaseModel->insert()
#7 D:\xampp\htdocs\Job\app\Controllers\CompanyDashboard.php(166): CodeIgniter\Model->insert()
#8 D:\xampp\htdocs\Job\system\CodeIgniter.php(825): App\Controllers\CompanyDashboard->getLowongan()
#9 D:\xampp\htdocs\Job\system\CodeIgniter.php(412): CodeIgniter\CodeIgniter->runController()
#10 D:\xampp\htdocs\Job\system\CodeIgniter.php(320): CodeIgniter\CodeIgniter->handleRequest()
#11 D:\xampp\htdocs\Job\public\index.php(37): CodeIgniter\CodeIgniter->run()
#12 D:\xampp\htdocs\Job\system\Commands\Server\rewrite.php(43): require_once('...')
#13 {main}
ERROR - 2025-07-01 10:41:11 --> Column 'idCompany' cannot be null
CRITICAL - 2025-07-01 10:41:11 --> Column 'idCompany' cannot be null
#0 D:\xampp\htdocs\Job\system\Database\MySQLi\Connection.php(292): mysqli->query()
#1 D:\xampp\htdocs\Job\system\Database\BaseConnection.php(670): CodeIgniter\Database\MySQLi\Connection->execute()
#2 D:\xampp\htdocs\Job\system\Database\BaseConnection.php(598): CodeIgniter\Database\BaseConnection->simpleQuery()
#3 D:\xampp\htdocs\Job\system\Database\BaseBuilder.php(1771): CodeIgniter\Database\BaseConnection->query()
#4 D:\xampp\htdocs\Job\system\Model.php(239): CodeIgniter\Database\BaseBuilder->insert()
#5 D:\xampp\htdocs\Job\system\BaseModel.php(738): CodeIgniter\Model->doInsert()
#6 D:\xampp\htdocs\Job\system\Model.php(625): CodeIgniter\BaseModel->insert()
#7 D:\xampp\htdocs\Job\app\Controllers\CompanyDashboard.php(166): CodeIgniter\Model->insert()
#8 D:\xampp\htdocs\Job\system\CodeIgniter.php(825): App\Controllers\CompanyDashboard->getLowongan()
#9 D:\xampp\htdocs\Job\system\CodeIgniter.php(412): CodeIgniter\CodeIgniter->runController()
#10 D:\xampp\htdocs\Job\system\CodeIgniter.php(320): CodeIgniter\CodeIgniter->handleRequest()
#11 D:\xampp\htdocs\Job\public\index.php(37): CodeIgniter\CodeIgniter->run()
#12 D:\xampp\htdocs\Job\system\Commands\Server\rewrite.php(43): require_once('...')
#13 {main}
ERROR - 2025-07-01 10:45:14 --> Column 'idCompany' cannot be null
CRITICAL - 2025-07-01 10:45:14 --> Column 'idCompany' cannot be null
#0 D:\xampp\htdocs\Job\system\Database\MySQLi\Connection.php(292): mysqli->query()
#1 D:\xampp\htdocs\Job\system\Database\BaseConnection.php(670): CodeIgniter\Database\MySQLi\Connection->execute()
#2 D:\xampp\htdocs\Job\system\Database\BaseConnection.php(598): CodeIgniter\Database\BaseConnection->simpleQuery()
#3 D:\xampp\htdocs\Job\system\Database\BaseBuilder.php(1771): CodeIgniter\Database\BaseConnection->query()
#4 D:\xampp\htdocs\Job\system\Model.php(239): CodeIgniter\Database\BaseBuilder->insert()
#5 D:\xampp\htdocs\Job\system\BaseModel.php(738): CodeIgniter\Model->doInsert()
#6 D:\xampp\htdocs\Job\system\Model.php(625): CodeIgniter\BaseModel->insert()
#7 D:\xampp\htdocs\Job\app\Controllers\CompanyDashboard.php(166): CodeIgniter\Model->insert()
#8 D:\xampp\htdocs\Job\system\CodeIgniter.php(825): App\Controllers\CompanyDashboard->getLowongan()
#9 D:\xampp\htdocs\Job\system\CodeIgniter.php(412): CodeIgniter\CodeIgniter->runController()
#10 D:\xampp\htdocs\Job\system\CodeIgniter.php(320): CodeIgniter\CodeIgniter->handleRequest()
#11 D:\xampp\htdocs\Job\public\index.php(37): CodeIgniter\CodeIgniter->run()
#12 D:\xampp\htdocs\Job\system\Commands\Server\rewrite.php(43): require_once('...')
#13 {main}
CRITICAL - 2025-07-01 11:24:08 --> Trying to access array offset on null
#0 D:\xampp\htdocs\Job\app\Views\DashboardUser\ProfileUser\ProfileView.php(9): CodeIgniter\Debug\Exceptions->errorHandler()
#1 D:\xampp\htdocs\Job\system\View\View.php(210): include('...')
#2 D:\xampp\htdocs\Job\system\View\View.php(213): CodeIgniter\View\View->{closure:CodeIgniter\View\View::render():207}()
#3 D:\xampp\htdocs\Job\system\Common.php(1089): CodeIgniter\View\View->render()
#4 D:\xampp\htdocs\Job\app\Controllers\UserDashboard.php(38): view()
#5 D:\xampp\htdocs\Job\system\CodeIgniter.php(825): App\Controllers\UserDashboard->user()
#6 D:\xampp\htdocs\Job\system\CodeIgniter.php(412): CodeIgniter\CodeIgniter->runController()
#7 D:\xampp\htdocs\Job\system\CodeIgniter.php(320): CodeIgniter\CodeIgniter->handleRequest()
#8 D:\xampp\htdocs\Job\public\index.php(37): CodeIgniter\CodeIgniter->run()
#9 D:\xampp\htdocs\Job\system\Commands\Server\rewrite.php(43): require_once('...')
#10 {main}
CRITICAL - 2025-07-01 11:31:06 --> Trying to access array offset on null
#0 D:\xampp\htdocs\Job\app\Views\DashboardUser\ProfileUser\ProfileView.php(9): CodeIgniter\Debug\Exceptions->errorHandler()
#1 D:\xampp\htdocs\Job\system\View\View.php(210): include('...')
#2 D:\xampp\htdocs\Job\system\View\View.php(213): CodeIgniter\View\View->{closure:CodeIgniter\View\View::render():207}()
#3 D:\xampp\htdocs\Job\system\Common.php(1089): CodeIgniter\View\View->render()
#4 D:\xampp\htdocs\Job\app\Controllers\UserDashboard.php(38): view()
#5 D:\xampp\htdocs\Job\system\CodeIgniter.php(825): App\Controllers\UserDashboard->user()
#6 D:\xampp\htdocs\Job\system\CodeIgniter.php(412): CodeIgniter\CodeIgniter->runController()
#7 D:\xampp\htdocs\Job\system\CodeIgniter.php(320): CodeIgniter\CodeIgniter->handleRequest()
#8 D:\xampp\htdocs\Job\public\index.php(37): CodeIgniter\CodeIgniter->run()
#9 D:\xampp\htdocs\Job\system\Commands\Server\rewrite.php(43): require_once('...')
#10 {main}
CRITICAL - 2025-07-01 11:31:11 --> Trying to access array offset on null
#0 D:\xampp\htdocs\Job\app\Views\DashboardUser\ProfileUser\ProfileView.php(9): CodeIgniter\Debug\Exceptions->errorHandler()
#1 D:\xampp\htdocs\Job\system\View\View.php(210): include('...')
#2 D:\xampp\htdocs\Job\system\View\View.php(213): CodeIgniter\View\View->{closure:CodeIgniter\View\View::render():207}()
#3 D:\xampp\htdocs\Job\system\Common.php(1089): CodeIgniter\View\View->render()
#4 D:\xampp\htdocs\Job\app\Controllers\UserDashboard.php(38): view()
#5 D:\xampp\htdocs\Job\system\CodeIgniter.php(825): App\Controllers\UserDashboard->user()
#6 D:\xampp\htdocs\Job\system\CodeIgniter.php(412): CodeIgniter\CodeIgniter->runController()
#7 D:\xampp\htdocs\Job\system\CodeIgniter.php(320): CodeIgniter\CodeIgniter->handleRequest()
#8 D:\xampp\htdocs\Job\public\index.php(37): CodeIgniter\CodeIgniter->run()
#9 D:\xampp\htdocs\Job\system\Commands\Server\rewrite.php(43): require_once('...')
#10 {main}
CRITICAL - 2025-07-01 12:28:05 --> syntax error, unexpected token "else", expecting end of file
#0 D:\xampp\htdocs\Job\system\View\View.php(213): CodeIgniter\View\View->{closure:CodeIgniter\View\View::render():207}()
#1 D:\xampp\htdocs\Job\system\Common.php(1089): CodeIgniter\View\View->render()
#2 D:\xampp\htdocs\Job\app\Controllers\UserDashboard.php(38): view()
#3 D:\xampp\htdocs\Job\system\CodeIgniter.php(825): App\Controllers\UserDashboard->user()
#4 D:\xampp\htdocs\Job\system\CodeIgniter.php(412): CodeIgniter\CodeIgniter->runController()
#5 D:\xampp\htdocs\Job\system\CodeIgniter.php(320): CodeIgniter\CodeIgniter->handleRequest()
#6 D:\xampp\htdocs\Job\public\index.php(37): CodeIgniter\CodeIgniter->run()
#7 D:\xampp\htdocs\Job\system\Commands\Server\rewrite.php(43): require_once('...')
#8 {main}
CRITICAL - 2025-07-01 12:28:39 --> Trying to access array offset on null
#0 D:\xampp\htdocs\Job\app\Views\DashboardUser\ProfileUser\ProfileView.php(9): CodeIgniter\Debug\Exceptions->errorHandler()
#1 D:\xampp\htdocs\Job\system\View\View.php(210): include('...')
#2 D:\xampp\htdocs\Job\system\View\View.php(213): CodeIgniter\View\View->{closure:CodeIgniter\View\View::render():207}()
#3 D:\xampp\htdocs\Job\system\Common.php(1089): CodeIgniter\View\View->render()
#4 D:\xampp\htdocs\Job\app\Controllers\UserDashboard.php(38): view()
#5 D:\xampp\htdocs\Job\system\CodeIgniter.php(825): App\Controllers\UserDashboard->user()
#6 D:\xampp\htdocs\Job\system\CodeIgniter.php(412): CodeIgniter\CodeIgniter->runController()
#7 D:\xampp\htdocs\Job\system\CodeIgniter.php(320): CodeIgniter\CodeIgniter->handleRequest()
#8 D:\xampp\htdocs\Job\public\index.php(37): CodeIgniter\CodeIgniter->run()
#9 D:\xampp\htdocs\Job\system\Commands\Server\rewrite.php(43): require_once('...')
#10 {main}
CRITICAL - 2025-07-01 12:29:05 --> Trying to access array offset on null
#0 D:\xampp\htdocs\Job\app\Views\DashboardUser\ProfileUser\ProfileView.php(9): CodeIgniter\Debug\Exceptions->errorHandler()
#1 D:\xampp\htdocs\Job\system\View\View.php(210): include('...')
#2 D:\xampp\htdocs\Job\system\View\View.php(213): CodeIgniter\View\View->{closure:CodeIgniter\View\View::render():207}()
#3 D:\xampp\htdocs\Job\system\Common.php(1089): CodeIgniter\View\View->render()
#4 D:\xampp\htdocs\Job\app\Controllers\UserDashboard.php(38): view()
#5 D:\xampp\htdocs\Job\system\CodeIgniter.php(825): App\Controllers\UserDashboard->user()
#6 D:\xampp\htdocs\Job\system\CodeIgniter.php(412): CodeIgniter\CodeIgniter->runController()
#7 D:\xampp\htdocs\Job\system\CodeIgniter.php(320): CodeIgniter\CodeIgniter->handleRequest()
#8 D:\xampp\htdocs\Job\public\index.php(37): CodeIgniter\CodeIgniter->run()
#9 D:\xampp\htdocs\Job\system\Commands\Server\rewrite.php(43): require_once('...')
#10 {main}
CRITICAL - 2025-07-01 12:29:11 --> Trying to access array offset on null
#0 D:\xampp\htdocs\Job\app\Views\DashboardUser\ProfileUser\ProfileView.php(9): CodeIgniter\Debug\Exceptions->errorHandler()
#1 D:\xampp\htdocs\Job\system\View\View.php(210): include('...')
#2 D:\xampp\htdocs\Job\system\View\View.php(213): CodeIgniter\View\View->{closure:CodeIgniter\View\View::render():207}()
#3 D:\xampp\htdocs\Job\system\Common.php(1089): CodeIgniter\View\View->render()
#4 D:\xampp\htdocs\Job\app\Controllers\UserDashboard.php(38): view()
#5 D:\xampp\htdocs\Job\system\CodeIgniter.php(825): App\Controllers\UserDashboard->user()
#6 D:\xampp\htdocs\Job\system\CodeIgniter.php(412): CodeIgniter\CodeIgniter->runController()
#7 D:\xampp\htdocs\Job\system\CodeIgniter.php(320): CodeIgniter\CodeIgniter->handleRequest()
#8 D:\xampp\htdocs\Job\public\index.php(37): CodeIgniter\CodeIgniter->run()
#9 D:\xampp\htdocs\Job\system\Commands\Server\rewrite.php(43): require_once('...')
#10 {main}
CRITICAL - 2025-07-01 12:31:13 --> Trying to access array offset on null
#0 D:\xampp\htdocs\Job\app\Views\DashboardUser\ProfileUser\ProfileView.php(29): CodeIgniter\Debug\Exceptions->errorHandler()
#1 D:\xampp\htdocs\Job\system\View\View.php(210): include('...')
#2 D:\xampp\htdocs\Job\system\View\View.php(213): CodeIgniter\View\View->{closure:CodeIgniter\View\View::render():207}()
#3 D:\xampp\htdocs\Job\system\Common.php(1089): CodeIgniter\View\View->render()
#4 D:\xampp\htdocs\Job\app\Controllers\UserDashboard.php(38): view()
#5 D:\xampp\htdocs\Job\system\CodeIgniter.php(825): App\Controllers\UserDashboard->user()
#6 D:\xampp\htdocs\Job\system\CodeIgniter.php(412): CodeIgniter\CodeIgniter->runController()
#7 D:\xampp\htdocs\Job\system\CodeIgniter.php(320): CodeIgniter\CodeIgniter->handleRequest()
#8 D:\xampp\htdocs\Job\public\index.php(37): CodeIgniter\CodeIgniter->run()
#9 D:\xampp\htdocs\Job\system\Commands\Server\rewrite.php(43): require_once('...')
#10 {main}
CRITICAL - 2025-07-01 12:32:04 --> Trying to access array offset on null
#0 D:\xampp\htdocs\Job\app\Views\DashboardUser\ProfileUser\ProfileView.php(29): CodeIgniter\Debug\Exceptions->errorHandler()
#1 D:\xampp\htdocs\Job\system\View\View.php(210): include('...')
#2 D:\xampp\htdocs\Job\system\View\View.php(213): CodeIgniter\View\View->{closure:CodeIgniter\View\View::render():207}()
#3 D:\xampp\htdocs\Job\system\Common.php(1089): CodeIgniter\View\View->render()
#4 D:\xampp\htdocs\Job\app\Controllers\UserDashboard.php(38): view()
#5 D:\xampp\htdocs\Job\system\CodeIgniter.php(825): App\Controllers\UserDashboard->user()
#6 D:\xampp\htdocs\Job\system\CodeIgniter.php(412): CodeIgniter\CodeIgniter->runController()
#7 D:\xampp\htdocs\Job\system\CodeIgniter.php(320): CodeIgniter\CodeIgniter->handleRequest()
#8 D:\xampp\htdocs\Job\public\index.php(37): CodeIgniter\CodeIgniter->run()
#9 D:\xampp\htdocs\Job\system\Commands\Server\rewrite.php(43): require_once('...')
#10 {main}
CRITICAL - 2025-07-01 12:33:22 --> Trying to access array offset on null
#0 D:\xampp\htdocs\Job\app\Views\DashboardUser\ProfileUser\ProfileView.php(29): CodeIgniter\Debug\Exceptions->errorHandler()
#1 D:\xampp\htdocs\Job\system\View\View.php(210): include('...')
#2 D:\xampp\htdocs\Job\system\View\View.php(213): CodeIgniter\View\View->{closure:CodeIgniter\View\View::render():207}()
#3 D:\xampp\htdocs\Job\system\Common.php(1089): CodeIgniter\View\View->render()
#4 D:\xampp\htdocs\Job\app\Controllers\UserDashboard.php(38): view()
#5 D:\xampp\htdocs\Job\system\CodeIgniter.php(825): App\Controllers\UserDashboard->user()
#6 D:\xampp\htdocs\Job\system\CodeIgniter.php(412): CodeIgniter\CodeIgniter->runController()
#7 D:\xampp\htdocs\Job\system\CodeIgniter.php(320): CodeIgniter\CodeIgniter->handleRequest()
#8 D:\xampp\htdocs\Job\public\index.php(37): CodeIgniter\CodeIgniter->run()
#9 D:\xampp\htdocs\Job\system\Commands\Server\rewrite.php(43): require_once('...')
#10 {main}
CRITICAL - 2025-07-01 12:33:23 --> Trying to access array offset on null
#0 D:\xampp\htdocs\Job\app\Views\DashboardUser\ProfileUser\ProfileView.php(29): CodeIgniter\Debug\Exceptions->errorHandler()
#1 D:\xampp\htdocs\Job\system\View\View.php(210): include('...')
#2 D:\xampp\htdocs\Job\system\View\View.php(213): CodeIgniter\View\View->{closure:CodeIgniter\View\View::render():207}()
#3 D:\xampp\htdocs\Job\system\Common.php(1089): CodeIgniter\View\View->render()
#4 D:\xampp\htdocs\Job\app\Controllers\UserDashboard.php(38): view()
#5 D:\xampp\htdocs\Job\system\CodeIgniter.php(825): App\Controllers\UserDashboard->user()
#6 D:\xampp\htdocs\Job\system\CodeIgniter.php(412): CodeIgniter\CodeIgniter->runController()
#7 D:\xampp\htdocs\Job\system\CodeIgniter.php(320): CodeIgniter\CodeIgniter->handleRequest()
#8 D:\xampp\htdocs\Job\public\index.php(37): CodeIgniter\CodeIgniter->run()
#9 D:\xampp\htdocs\Job\system\Commands\Server\rewrite.php(43): require_once('...')
#10 {main}
CRITICAL - 2025-07-01 12:33:23 --> Trying to access array offset on null
#0 D:\xampp\htdocs\Job\app\Views\DashboardUser\ProfileUser\ProfileView.php(29): CodeIgniter\Debug\Exceptions->errorHandler()
#1 D:\xampp\htdocs\Job\system\View\View.php(210): include('...')
#2 D:\xampp\htdocs\Job\system\View\View.php(213): CodeIgniter\View\View->{closure:CodeIgniter\View\View::render():207}()
#3 D:\xampp\htdocs\Job\system\Common.php(1089): CodeIgniter\View\View->render()
#4 D:\xampp\htdocs\Job\app\Controllers\UserDashboard.php(38): view()
#5 D:\xampp\htdocs\Job\system\CodeIgniter.php(825): App\Controllers\UserDashboard->user()
#6 D:\xampp\htdocs\Job\system\CodeIgniter.php(412): CodeIgniter\CodeIgniter->runController()
#7 D:\xampp\htdocs\Job\system\CodeIgniter.php(320): CodeIgniter\CodeIgniter->handleRequest()
#8 D:\xampp\htdocs\Job\public\index.php(37): CodeIgniter\CodeIgniter->run()
#9 D:\xampp\htdocs\Job\system\Commands\Server\rewrite.php(43): require_once('...')
#10 {main}
CRITICAL - 2025-07-01 12:33:24 --> Trying to access array offset on null
#0 D:\xampp\htdocs\Job\app\Views\DashboardUser\ProfileUser\ProfileView.php(29): CodeIgniter\Debug\Exceptions->errorHandler()
#1 D:\xampp\htdocs\Job\system\View\View.php(210): include('...')
#2 D:\xampp\htdocs\Job\system\View\View.php(213): CodeIgniter\View\View->{closure:CodeIgniter\View\View::render():207}()
#3 D:\xampp\htdocs\Job\system\Common.php(1089): CodeIgniter\View\View->render()
#4 D:\xampp\htdocs\Job\app\Controllers\UserDashboard.php(38): view()
#5 D:\xampp\htdocs\Job\system\CodeIgniter.php(825): App\Controllers\UserDashboard->user()
#6 D:\xampp\htdocs\Job\system\CodeIgniter.php(412): CodeIgniter\CodeIgniter->runController()
#7 D:\xampp\htdocs\Job\system\CodeIgniter.php(320): CodeIgniter\CodeIgniter->handleRequest()
#8 D:\xampp\htdocs\Job\public\index.php(37): CodeIgniter\CodeIgniter->run()
#9 D:\xampp\htdocs\Job\system\Commands\Server\rewrite.php(43): require_once('...')
#10 {main}
CRITICAL - 2025-07-01 12:33:24 --> Trying to access array offset on null
#0 D:\xampp\htdocs\Job\app\Views\DashboardUser\ProfileUser\ProfileView.php(29): CodeIgniter\Debug\Exceptions->errorHandler()
#1 D:\xampp\htdocs\Job\system\View\View.php(210): include('...')
#2 D:\xampp\htdocs\Job\system\View\View.php(213): CodeIgniter\View\View->{closure:CodeIgniter\View\View::render():207}()
#3 D:\xampp\htdocs\Job\system\Common.php(1089): CodeIgniter\View\View->render()
#4 D:\xampp\htdocs\Job\app\Controllers\UserDashboard.php(38): view()
#5 D:\xampp\htdocs\Job\system\CodeIgniter.php(825): App\Controllers\UserDashboard->user()
#6 D:\xampp\htdocs\Job\system\CodeIgniter.php(412): CodeIgniter\CodeIgniter->runController()
#7 D:\xampp\htdocs\Job\system\CodeIgniter.php(320): CodeIgniter\CodeIgniter->handleRequest()
#8 D:\xampp\htdocs\Job\public\index.php(37): CodeIgniter\CodeIgniter->run()
#9 D:\xampp\htdocs\Job\system\Commands\Server\rewrite.php(43): require_once('...')
#10 {main}
CRITICAL - 2025-07-01 12:33:52 --> syntax error, unexpected end of file, expecting "elseif" or "else" or "endif"
#0 D:\xampp\htdocs\Job\system\View\View.php(213): CodeIgniter\View\View->{closure:CodeIgniter\View\View::render():207}()
#1 D:\xampp\htdocs\Job\system\Common.php(1089): CodeIgniter\View\View->render()
#2 D:\xampp\htdocs\Job\app\Controllers\UserDashboard.php(38): view()
#3 D:\xampp\htdocs\Job\system\CodeIgniter.php(825): App\Controllers\UserDashboard->user()
#4 D:\xampp\htdocs\Job\system\CodeIgniter.php(412): CodeIgniter\CodeIgniter->runController()
#5 D:\xampp\htdocs\Job\system\CodeIgniter.php(320): CodeIgniter\CodeIgniter->handleRequest()
#6 D:\xampp\htdocs\Job\public\index.php(37): CodeIgniter\CodeIgniter->run()
#7 D:\xampp\htdocs\Job\system\Commands\Server\rewrite.php(43): require_once('...')
#8 {main}
CRITICAL - 2025-07-01 13:04:23 --> Trying to access array offset on null
#0 D:\xampp\htdocs\Job\app\Controllers\UserDashboard.php(101): CodeIgniter\Debug\Exceptions->errorHandler()
#1 D:\xampp\htdocs\Job\system\CodeIgniter.php(825): App\Controllers\UserDashboard->uploadCV()
#2 D:\xampp\htdocs\Job\system\CodeIgniter.php(412): CodeIgniter\CodeIgniter->runController()
#3 D:\xampp\htdocs\Job\system\CodeIgniter.php(320): CodeIgniter\CodeIgniter->handleRequest()
#4 D:\xampp\htdocs\Job\public\index.php(37): CodeIgniter\CodeIgniter->run()
#5 D:\xampp\htdocs\Job\system\Commands\Server\rewrite.php(43): require_once('...')
#6 {main}
CRITICAL - 2025-07-01 13:46:53 --> Trying to access array offset on null
#0 D:\xampp\htdocs\Job\app\Views\DashboardCompany\PreviewJob\PreviewJobView.php(15): CodeIgniter\Debug\Exceptions->errorHandler()
#1 D:\xampp\htdocs\Job\system\View\View.php(210): include('...')
#2 D:\xampp\htdocs\Job\system\View\View.php(213): CodeIgniter\View\View->{closure:CodeIgniter\View\View::render():207}()
#3 D:\xampp\htdocs\Job\system\Common.php(1089): CodeIgniter\View\View->render()
#4 D:\xampp\htdocs\Job\app\Controllers\CompanyDashboard.php(139): view()
#5 D:\xampp\htdocs\Job\system\CodeIgniter.php(825): App\Controllers\CompanyDashboard->previewJob()
#6 D:\xampp\htdocs\Job\system\CodeIgniter.php(412): CodeIgniter\CodeIgniter->runController()
#7 D:\xampp\htdocs\Job\system\CodeIgniter.php(320): CodeIgniter\CodeIgniter->handleRequest()
#8 D:\xampp\htdocs\Job\public\index.php(37): CodeIgniter\CodeIgniter->run()
#9 D:\xampp\htdocs\Job\system\Commands\Server\rewrite.php(43): require_once('...')
#10 {main}
CRITICAL - 2025-07-01 13:47:14 --> Trying to access array offset on null
#0 D:\xampp\htdocs\Job\app\Views\DashboardCompany\PreviewJob\PreviewJobView.php(15): CodeIgniter\Debug\Exceptions->errorHandler()
#1 D:\xampp\htdocs\Job\system\View\View.php(210): include('...')
#2 D:\xampp\htdocs\Job\system\View\View.php(213): CodeIgniter\View\View->{closure:CodeIgniter\View\View::render():207}()
#3 D:\xampp\htdocs\Job\system\Common.php(1089): CodeIgniter\View\View->render()
#4 D:\xampp\htdocs\Job\app\Controllers\CompanyDashboard.php(139): view()
#5 D:\xampp\htdocs\Job\system\CodeIgniter.php(825): App\Controllers\CompanyDashboard->previewJob()
#6 D:\xampp\htdocs\Job\system\CodeIgniter.php(412): CodeIgniter\CodeIgniter->runController()
#7 D:\xampp\htdocs\Job\system\CodeIgniter.php(320): CodeIgniter\CodeIgniter->handleRequest()
#8 D:\xampp\htdocs\Job\public\index.php(37): CodeIgniter\CodeIgniter->run()
#9 D:\xampp\htdocs\Job\system\Commands\Server\rewrite.php(43): require_once('...')
#10 {main}
